A new study created in memory with name: no-name-59ae3fa3-e8c8-42d4-b12f-a313e275761a
Start optimization.
ACC_train: 0.6532199710564399, FPR_train: 0.34212421242124214, Pre_train: 0.6524323335771763, MCC_train: 0.3064086330077091, roc_auc_train: 0.7116441515993083, prc_auc_train: 0.6994242248399538, TN_train: 7309, FP_train: 3801, FN_train: 3867, TP_train: 7135
ACC: 0.6437488691876244, FPR: 0.34551495016611294, Pre: 0.6560088202866593, MCC: 0.2878910654502054, roc_auc: 0.7066010415037434, prc_auc: 0.7048790444489907, TN: 1773, FP: 936, FN: 1033, TP: 1785
Trial 0 finished with value: 0.7048790444489907 and parameters: {'C': 30, 'gamma': 0.0007000000000000001}. Best is trial 0 with value: 0.7048790444489907.
ACC_train: 0.6444012301013025, FPR_train: 0.35022502250225024, Pre_train: 0.6437139456093764, MCC_train: 0.28876779332231695, roc_auc_train: 0.7033815020294977, prc_auc_train: 0.6922844928459264, TN_train: 7219, FP_train: 3891, FN_train: 3972, TP_train: 7030
ACC: 0.6381400398045957, FPR: 0.3506829088224437, Pre: 0.6504782928623988, MCC: 0.2766960970497311, roc_auc: 0.699874783238376, prc_auc: 0.699156231467288, TN: 1759, FP: 950, FN: 1050, TP: 1768
Trial 1 finished with value: 0.699156231467288 and parameters: {'C': 17, 'gamma': 0.0007000000000000001}. Best is trial 0 with value: 0.7048790444489907.
ACC_train: 0.6389743125904487, FPR_train: 0.35607560756075607, Pre_train: 0.6380934955630775, MCC_train: 0.2779144815784283, roc_auc_train: 0.6961671358010189, prc_auc_train: 0.68641749592175, TN_train: 7154, FP_train: 3956, FN_train: 4027, TP_train: 6975
ACC: 0.6309028406006876, FPR: 0.357327427094869, Pre: 0.6433308769344142, MCC: 0.26225200173129665, roc_auc: 0.6944224375232678, prc_auc: 0.6945758422445767, TN: 1741, FP: 968, FN: 1072, TP: 1746
Trial 2 finished with value: 0.6945758422445767 and parameters: {'C': 20, 'gamma': 0.0004}. Best is trial 0 with value: 0.7048790444489907.
ACC_train: 0.6538078871201157, FPR_train: 0.34113411341134114, Pre_train: 0.6531527409169946, MCC_train: 0.3075833920899478, roc_auc_train: 0.7123045503059667, prc_auc_train: 0.7001462282709152, TN_train: 7320, FP_train: 3790, FN_train: 3865, TP_train: 7137
ACC: 0.6435679392075266, FPR: 0.34809892949427834, Pre: 0.65508412582297, MCC: 0.28741867344173244, roc_auc: 0.7068965630166878, prc_auc: 0.7054139332528746, TN: 1766, FP: 943, FN: 1027, TP: 1791
Trial 3 finished with value: 0.7054139332528746 and parameters: {'C': 22, 'gamma': 0.0009000000000000001}. Best is trial 3 with value: 0.7054139332528746.
ACC_train: 0.648787988422576, FPR_train: 0.34545454545454546, Pre_train: 0.6482771260997068, MCC_train: 0.2975411490380307, roc_auc_train: 0.7075502964766573, prc_auc_train: 0.6957228749937014, TN_train: 7272, FP_train: 3838, FN_train: 3928, TP_train: 7074
ACC: 0.6413967794463543, FPR: 0.34957548911037284, Pre: 0.6531135531135531, MCC: 0.28310848594587973, roc_auc: 0.7034203864258166, prc_auc: 0.7020958000828217, TN: 1762, FP: 947, FN: 1035, TP: 1783
Trial 4 finished with value: 0.7020958000828217 and parameters: {'C': 19, 'gamma': 0.0008}. Best is trial 3 with value: 0.7054139332528746.
ACC_train: 0.6000814037626628, FPR_train: 0.37857785778577857, Pre_train: 0.60211900482452, MCC_train: 0.20014360073148946, roc_auc_train: 0.6436240583702071, prc_auc_train: 0.6452469524354495, TN_train: 6904, FP_train: 4206, FN_train: 4637, TP_train: 6365
ACC: 0.6037633435860322, FPR: 0.3654485049833887, Pre: 0.620398773006135, MCC: 0.20900812355114876, roc_auc: 0.6505147654651674, prc_auc: 0.6618994246161294, TN: 1719, FP: 990, FN: 1200, TP: 1618
Trial 5 finished with value: 0.6618994246161294 and parameters: {'C': 4, 'gamma': 0.0001}. Best is trial 3 with value: 0.7054139332528746.
ACC_train: 0.6494663531114327, FPR_train: 0.34464446444644464, Pre_train: 0.6490054083784031, MCC_train: 0.2988977517928873, roc_auc_train: 0.7083632408868954, prc_auc_train: 0.6963284185797491, TN_train: 7281, FP_train: 3829, FN_train: 3922, TP_train: 7080
ACC: 0.6424823593269404, FPR: 0.3488372093023256, Pre: 0.654099560761347, MCC: 0.2852635227485669, roc_auc: 0.7040052072567299, prc_auc: 0.7025822527243757, TN: 1764, FP: 945, FN: 1031, TP: 1787
Trial 6 finished with value: 0.7025822527243757 and parameters: {'C': 24, 'gamma': 0.0007000000000000001}. Best is trial 3 with value: 0.7054139332528746.
ACC_train: 0.6405119392185239, FPR_train: 0.35544554455445543, Pre_train: 0.6393936626792074, MCC_train: 0.2809935163339745, roc_auc_train: 0.7005126021600524, prc_auc_train: 0.6902146885385021, TN_train: 7161, FP_train: 3949, FN_train: 4000, TP_train: 7002
ACC: 0.6356070200832278, FPR: 0.35252860834256183, Pre: 0.6481208548268239, MCC: 0.27166370079397384, roc_auc: 0.6976064984342336, prc_auc: 0.697614005640173, TN: 1754, FP: 955, FN: 1059, TP: 1759
Trial 7 finished with value: 0.697614005640173 and parameters: {'C': 12, 'gamma': 0.0008}. Best is trial 3 with value: 0.7054139332528746.
ACC_train: 0.6417782199710564, FPR_train: 0.3556255625562556, Pre_train: 0.6402622234362196, MCC_train: 0.28353375309031775, roc_auc_train: 0.7016929087927881, prc_auc_train: 0.6911514245599002, TN_train: 7159, FP_train: 3951, FN_train: 3970, TP_train: 7032
ACC: 0.6365116699837163, FPR: 0.35142118863049093, Pre: 0.6490969406561002, MCC: 0.27348257293520606, roc_auc: 0.6983801465084578, prc_auc: 0.6980314466578166, TN: 1757, FP: 952, FN: 1057, TP: 1761
Trial 8 finished with value: 0.6980314466578166 and parameters: {'C': 13, 'gamma': 0.0008}. Best is trial 3 with value: 0.7054139332528746.
ACC_train: 0.6465267727930536, FPR_train: 0.34725472547254727, Pre_train: 0.6461199779856907, MCC_train: 0.2930174344454423, roc_auc_train: 0.7058619445838421, prc_auc_train: 0.694269591702529, TN_train: 7252, FP_train: 3858, FN_train: 3958, TP_train: 7044
ACC: 0.6390446897050841, FPR: 0.35105204872646734, Pre: 0.6510091743119266, MCC: 0.27844530098395454, roc_auc: 0.7018315653130053, prc_auc: 0.7007876134939344, TN: 1758, FP: 951, FN: 1044, TP: 1774
Trial 9 finished with value: 0.7007876134939344 and parameters: {'C': 17, 'gamma': 0.0008}. Best is trial 3 with value: 0.7054139332528746.
ACC_train: 0.6364417510853835, FPR_train: 0.3567056705670567, Pre_train: 0.636054734135366, MCC_train: 0.27284410805911496, roc_auc_train: 0.6935182106649131, prc_auc_train: 0.6846587914278689, TN_train: 7147, FP_train: 3963, FN_train: 4076, TP_train: 6926
ACC: 0.6283698208793197, FPR: 0.3576965669988926, Pre: 0.6413767579570688, MCC: 0.25729227672894966, roc_auc: 0.6925343615805266, prc_auc: 0.6935493281163247, TN: 1740, FP: 969, FN: 1085, TP: 1733
Trial 10 finished with value: 0.6935493281163247 and parameters: {'C': 13, 'gamma': 0.0005}. Best is trial 3 with value: 0.7054139332528746.
ACC_train: 0.6401049204052098, FPR_train: 0.35553555355535554, Pre_train: 0.6390716374269005, MCC_train: 0.28017808073715644, roc_auc_train: 0.69863520845813, prc_auc_train: 0.6886270493053017, TN_train: 7160, FP_train: 3950, FN_train: 4008, TP_train: 6994
ACC: 0.6336167903021531, FPR: 0.3521594684385382, Pre: 0.6467974824139208, MCC: 0.267800171696202, roc_auc: 0.6962832013049056, prc_auc: 0.6962843590996792, TN: 1755, FP: 954, FN: 1071, TP: 1747
Trial 11 finished with value: 0.6962843590996792 and parameters: {'C': 15, 'gamma': 0.0006000000000000001}. Best is trial 3 with value: 0.7054139332528746.
ACC_train: 0.6276682344428365, FPR_train: 0.3624662466246625, Pre_train: 0.6279220179247899, MCC_train: 0.25529327930055035, roc_auc_train: 0.6833800040611223, prc_auc_train: 0.6763267294247735, TN_train: 7083, FP_train: 4027, FN_train: 4206, TP_train: 6796
ACC: 0.6213135516555093, FPR: 0.3595422665190107, Pre: 0.6356154133931912, MCC: 0.24345084706586487, roc_auc: 0.6852194181736821, prc_auc: 0.6870467413125801, TN: 1735, FP: 974, FN: 1119, TP: 1699
Trial 12 finished with value: 0.6870467413125801 and parameters: {'C': 7, 'gamma': 0.0005}. Best is trial 3 with value: 0.7054139332528746.
ACC_train: 0.6299294500723589, FPR_train: 0.3637263726372637, Pre_train: 0.6293000642142923, MCC_train: 0.25981905899003216, roc_auc_train: 0.6870675465110591, prc_auc_train: 0.6795149369008254, TN_train: 7069, FP_train: 4041, FN_train: 4142, TP_train: 6860
ACC: 0.6240275013569748, FPR: 0.3595422665190107, Pre: 0.6376488095238095, MCC: 0.2487350020392624, roc_auc: 0.6877781157412102, prc_auc: 0.6892841670738292, TN: 1735, FP: 974, FN: 1104, TP: 1714
Trial 13 finished with value: 0.6892841670738292 and parameters: {'C': 11, 'gamma': 0.0004}. Best is trial 3 with value: 0.7054139332528746.
ACC_train: 0.6299294500723589, FPR_train: 0.3637263726372637, Pre_train: 0.6293000642142923, MCC_train: 0.25981905899003216, roc_auc_train: 0.6870675465110591, prc_auc_train: 0.6795149369008254, TN_train: 7069, FP_train: 4041, FN_train: 4142, TP_train: 6860
ACC: 0.6240275013569748, FPR: 0.3595422665190107, Pre: 0.6376488095238095, MCC: 0.2487350020392624, roc_auc: 0.6877781157412102, prc_auc: 0.6892841670738292, TN: 1735, FP: 974, FN: 1104, TP: 1714
Trial 14 finished with value: 0.6892841670738292 and parameters: {'C': 11, 'gamma': 0.0004}. Best is trial 3 with value: 0.7054139332528746.
ACC_train: 0.6487427641099855, FPR_train: 0.34518451845184517, Pre_train: 0.6483264557542412, MCC_train: 0.2974501119101527, roc_auc_train: 0.7073089362199263, prc_auc_train: 0.6955558931175427, TN_train: 7275, FP_train: 3835, FN_train: 3932, TP_train: 7070
ACC: 0.6404921295458658, FPR: 0.34994462901439644, Pre: 0.6523652365236524, MCC: 0.2813239845855427, roc_auc: 0.7030441728685576, prc_auc: 0.7018488517427941, TN: 1761, FP: 948, FN: 1039, TP: 1779
Trial 15 finished with value: 0.7018488517427941 and parameters: {'C': 16, 'gamma': 0.0009000000000000001}. Best is trial 3 with value: 0.7054139332528746.
ACC_train: 0.6585112156295224, FPR_train: 0.3378037803780378, Pre_train: 0.6574792370174318, MCC_train: 0.31699518564985474, roc_auc_train: 0.7175685265308933, prc_auc_train: 0.7048859468178987, TN_train: 7357, FP_train: 3753, FN_train: 3798, TP_train: 7204
ACC: 0.6457390989686991, FPR: 0.3444075304540421, Pre: 0.6577402787967719, MCC: 0.29182943287782875, roc_auc: 0.7110757166462185, prc_auc: 0.7092134530597741, TN: 1776, FP: 933, FN: 1025, TP: 1793
Trial 16 finished with value: 0.7092134530597741 and parameters: {'C': 26, 'gamma': 0.001}. Best is trial 16 with value: 0.7092134530597741.
ACC_train: 0.6254070188133141, FPR_train: 0.3612961296129613, Pre_train: 0.6265004187215036, MCC_train: 0.2507784842116365, roc_auc_train: 0.6814796458740584, prc_auc_train: 0.675096037242828, TN_train: 7096, FP_train: 4014, FN_train: 4269, TP_train: 6733
ACC: 0.6204089017550208, FPR: 0.3580657069029162, Pre: 0.6353383458646616, MCC: 0.24177303224922794, roc_auc: 0.6837486222750389, prc_auc: 0.6862151547351213, TN: 1739, FP: 970, FN: 1128, TP: 1690
Trial 17 finished with value: 0.6862151547351213 and parameters: {'C': 3, 'gamma': 0.001}. Best is trial 16 with value: 0.7092134530597741.
ACC_train: 0.6169952966714906, FPR_train: 0.3666066606660666, Pre_train: 0.6185972469332335, MCC_train: 0.23396289438074366, roc_auc_train: 0.6712578688336022, prc_auc_train: 0.666824236533305, TN_train: 7037, FP_train: 4073, FN_train: 4396, TP_train: 6606
ACC: 0.6193233218744346, FPR: 0.35252860834256183, Pre: 0.6360518292682927, MCC: 0.23999475324430591, roc_auc: 0.6754971402791892, prc_auc: 0.6794593992665837, TN: 1754, FP: 955, FN: 1149, TP: 1669
Trial 18 finished with value: 0.6794593992665837 and parameters: {'C': 3, 'gamma': 0.0006000000000000001}. Best is trial 16 with value: 0.7092134530597741.
ACC_train: 0.6339091895803184, FPR_train: 0.3603960396039604, Pre_train: 0.6331653687585891, MCC_train: 0.267781060768339, roc_auc_train: 0.692516490332909, prc_auc_train: 0.6841264301708284, TN_train: 7106, FP_train: 4004, FN_train: 4091, TP_train: 6911
ACC: 0.6271033110186358, FPR: 0.3595422665190107, Pre: 0.6399260628465804, MCC: 0.2547307112601457, roc_auc: 0.6916714413826005, prc_auc: 0.6929508121606006, TN: 1735, FP: 974, FN: 1087, TP: 1731
Trial 19 finished with value: 0.6929508121606006 and parameters: {'C': 10, 'gamma': 0.0006000000000000001}. Best is trial 16 with value: 0.7092134530597741.
ACC_train: 0.6173118668596237, FPR_train: 0.36696669666966697, Pre_train: 0.6187581821582195, MCC_train: 0.23459239198572, roc_auc_train: 0.6717307515154352, prc_auc_train: 0.6669789367086405, TN_train: 7033, FP_train: 4077, FN_train: 4385, TP_train: 6617
ACC: 0.6189614619142392, FPR: 0.3536360280546327, Pre: 0.6354642313546424, MCC: 0.2392241090838266, roc_auc: 0.6759104250191447, prc_auc: 0.6796299623199646, TN: 1751, FP: 958, FN: 1148, TP: 1670
Trial 20 finished with value: 0.6796299623199646 and parameters: {'C': 19, 'gamma': 0.0001}. Best is trial 16 with value: 0.7092134530597741.
ACC_train: 0.6189851664254703, FPR_train: 0.3655265526552655, Pre_train: 0.6204318160575755, MCC_train: 0.2379395337623497, roc_auc_train: 0.6735790489610677, prc_auc_train: 0.6687229375966863, TN_train: 7049, FP_train: 4061, FN_train: 4364, TP_train: 6638
ACC: 0.6184186719739461, FPR: 0.3532668881506091, Pre: 0.6351505909264201, MCC: 0.23819431606060174, roc_auc: 0.677430212516122, prc_auc: 0.6811540334752687, TN: 1752, FP: 957, FN: 1152, TP: 1666
Trial 21 finished with value: 0.6811540334752687 and parameters: {'C': 2, 'gamma': 0.001}. Best is trial 16 with value: 0.7092134530597741.
ACC_train: 0.6321454413892909, FPR_train: 0.3613861386138614, Pre_train: 0.6315837768397872, MCC_train: 0.2642512198242346, roc_auc_train: 0.6891119420067802, prc_auc_train: 0.681188343828853, TN_train: 7095, FP_train: 4015, FN_train: 4119, TP_train: 6883
ACC: 0.6238465713768772, FPR: 0.3613879660391288, Pre: 0.6370040786058584, MCC: 0.24828788322176287, roc_auc: 0.6890539276983563, prc_auc: 0.6902928781503995, TN: 1730, FP: 979, FN: 1100, TP: 1718
Trial 22 finished with value: 0.6902928781503995 and parameters: {'C': 17, 'gamma': 0.00030000000000000003}. Best is trial 16 with value: 0.7092134530597741.
ACC_train: 0.6331403762662807, FPR_train: 0.36111611161116114, Pre_train: 0.632398753894081, MCC_train: 0.26624315718058916, roc_auc_train: 0.69003422747292, prc_auc_train: 0.6819383931287036, TN_train: 7098, FP_train: 4012, FN_train: 4100, TP_train: 6902
ACC: 0.6234847114166817, FPR: 0.36175710594315247, Pre: 0.6366332962550982, MCC: 0.24756381285042908, roc_auc: 0.6897487176383639, prc_auc: 0.6909265738586109, TN: 1729, FP: 980, FN: 1101, TP: 1717
Trial 23 finished with value: 0.6909265738586109 and parameters: {'C': 18, 'gamma': 0.00030000000000000003}. Best is trial 16 with value: 0.7092134530597741.
ACC_train: 0.6450795947901592, FPR_train: 0.3495049504950495, Pre_train: 0.6444139194139195, MCC_train: 0.2901245198854519, roc_auc_train: 0.7043763379246486, prc_auc_train: 0.6928351653280812, TN_train: 7227, FP_train: 3883, FN_train: 3965, TP_train: 7037
ACC: 0.6377781798444002, FPR: 0.3517903285345146, Pre: 0.6498897869213813, MCC: 0.27593729470551775, roc_auc: 0.7006133250335802, prc_auc: 0.6995759933398564, TN: 1756, FP: 953, FN: 1049, TP: 1769
Trial 24 finished with value: 0.6995759933398564 and parameters: {'C': 22, 'gamma': 0.0006000000000000001}. Best is trial 16 with value: 0.7092134530597741.
ACC_train: 0.6364417510853835, FPR_train: 0.3566156615661566, Pre_train: 0.6360797281161018, MCC_train: 0.27284397457058845, roc_auc_train: 0.6941975896371676, prc_auc_train: 0.6855138949100037, TN_train: 7148, FP_train: 3962, FN_train: 4077, TP_train: 6925
ACC: 0.6285507508594174, FPR: 0.3569582871908453, Pre: 0.6417191552426825, MCC: 0.2576820957220411, roc_auc: 0.6929804602118794, prc_auc: 0.6941350459123155, TN: 1742, FP: 967, FN: 1086, TP: 1732
Trial 25 finished with value: 0.6941350459123155 and parameters: {'C': 8, 'gamma': 0.0008}. Best is trial 16 with value: 0.7092134530597741.
ACC_train: 0.6412807525325616, FPR_train: 0.3551755175517552, Pre_train: 0.6400291917533297, MCC_train: 0.2825335603776562, roc_auc_train: 0.7019994114481435, prc_auc_train: 0.6916365555833529, TN_train: 7164, FP_train: 3946, FN_train: 3986, TP_train: 7016
ACC: 0.636692599963814, FPR: 0.35105204872646734, Pre: 0.6493362831858407, MCC: 0.2738535321163293, roc_auc: 0.6986903393021868, prc_auc: 0.6985248942892424, TN: 1758, FP: 951, FN: 1057, TP: 1761
Trial 26 finished with value: 0.6985248942892424 and parameters: {'C': 10, 'gamma': 0.001}. Best is trial 16 with value: 0.7092134530597741.
ACC_train: 0.6088549204052098, FPR_train: 0.3703870387038704, Pre_train: 0.611168855711991, MCC_train: 0.21770280102342643, roc_auc_train: 0.6582333815093925, prc_auc_train: 0.6558326151559475, TN_train: 6995, FP_train: 4115, FN_train: 4534, TP_train: 6468
ACC: 0.6162475122127736, FPR: 0.3477297895902547, Pre: 0.6350251840371949, MCC: 0.2343544842475779, roc_auc: 0.6635999105051872, prc_auc: 0.6704810600738818, TN: 1767, FP: 942, FN: 1179, TP: 1639
Trial 27 finished with value: 0.6704810600738818 and parameters: {'C': 1, 'gamma': 0.0009000000000000001}. Best is trial 16 with value: 0.7092134530597741.
ACC_train: 0.6276682344428365, FPR_train: 0.3624662466246625, Pre_train: 0.6279220179247899, MCC_train: 0.25529327930055035, roc_auc_train: 0.6833800040611223, prc_auc_train: 0.6763267294247735, TN_train: 7083, FP_train: 4027, FN_train: 4206, TP_train: 6796
ACC: 0.6213135516555093, FPR: 0.3595422665190107, Pre: 0.6356154133931912, MCC: 0.24345084706586487, roc_auc: 0.6852194181736821, prc_auc: 0.6870467413125801, TN: 1735, FP: 974, FN: 1119, TP: 1699
Trial 28 finished with value: 0.6870467413125801 and parameters: {'C': 7, 'gamma': 0.0005}. Best is trial 16 with value: 0.7092134530597741.
ACC_train: 0.6212463820549927, FPR_train: 0.3638163816381638, Pre_train: 0.6226309401549809, MCC_train: 0.24246131924099276, roc_auc_train: 0.6759621522050405, prc_auc_train: 0.6702992664119416, TN_train: 7068, FP_train: 4042, FN_train: 4333, TP_train: 6669
ACC: 0.6200470417948254, FPR: 0.3521594684385382, Pre: 0.6367098248286367, MCC: 0.24142125012919785, roc_auc: 0.6794920514406544, prc_auc: 0.6827232740144682, TN: 1755, FP: 954, FN: 1146, TP: 1672
Trial 29 finished with value: 0.6827232740144682 and parameters: {'C': 24, 'gamma': 0.0001}. Best is trial 16 with value: 0.7092134530597741.
ACC_train: 0.6377532561505065, FPR_train: 0.35544554455445543, Pre_train: 0.6373737373737374, MCC_train: 0.2754675152822801, roc_auc_train: 0.6947285216614736, prc_auc_train: 0.6856556015507015, TN_train: 7161, FP_train: 3949, FN_train: 4061, TP_train: 6941
ACC: 0.6301791206802967, FPR: 0.3576965669988926, Pre: 0.6426991150442478, MCC: 0.2608217763946715, roc_auc: 0.6932805010032799, prc_auc: 0.6943339373356263, TN: 1740, FP: 969, FN: 1075, TP: 1743
Trial 30 finished with value: 0.6943339373356263 and parameters: {'C': 14, 'gamma': 0.0005}. Best is trial 16 with value: 0.7092134530597741.
ACC_train: 0.6417782199710564, FPR_train: 0.3556255625562556, Pre_train: 0.6402622234362196, MCC_train: 0.28353375309031775, roc_auc_train: 0.7016929087927881, prc_auc_train: 0.6911514245599002, TN_train: 7159, FP_train: 3951, FN_train: 3970, TP_train: 7032
ACC: 0.6365116699837163, FPR: 0.35142118863049093, Pre: 0.6490969406561002, MCC: 0.27348257293520606, roc_auc: 0.6983801465084578, prc_auc: 0.6980314466578166, TN: 1757, FP: 952, FN: 1057, TP: 1761
Trial 31 finished with value: 0.6980314466578166 and parameters: {'C': 13, 'gamma': 0.0008}. Best is trial 16 with value: 0.7092134530597741.
ACC_train: 0.6152767727930536, FPR_train: 0.3673267326732673, Pre_train: 0.61705920990898, MCC_train: 0.23053019873105723, roc_auc_train: 0.6666620347728283, prc_auc_train: 0.663051225957524, TN_train: 7029, FP_train: 4081, FN_train: 4426, TP_train: 6576
ACC: 0.6182377419938484, FPR: 0.35252860834256183, Pre: 0.6352177234530175, MCC: 0.23788998303253828, roc_auc: 0.6715554125105678, prc_auc: 0.6766798953645279, TN: 1754, FP: 955, FN: 1155, TP: 1663
Trial 32 finished with value: 0.6766798953645279 and parameters: {'C': 2, 'gamma': 0.0007000000000000001}. Best is trial 16 with value: 0.7092134530597741.
ACC_train: 0.6395622286541245, FPR_train: 0.3564356435643564, Pre_train: 0.6384222059897735, MCC_train: 0.2790941900577768, roc_auc_train: 0.6974801979379905, prc_auc_train: 0.6874591891978505, TN_train: 7150, FP_train: 3960, FN_train: 4010, TP_train: 6992
ACC: 0.6321693504613715, FPR: 0.35437430786268, Pre: 0.6451016635859519, MCC: 0.26486703245777554, roc_auc: 0.6954139279184256, prc_auc: 0.6952053729141511, TN: 1749, FP: 960, FN: 1073, TP: 1745
Trial 33 finished with value: 0.6952053729141511 and parameters: {'C': 22, 'gamma': 0.0004}. Best is trial 16 with value: 0.7092134530597741.
ACC_train: 0.6431349493487699, FPR_train: 0.354005400540054, Pre_train: 0.6417053839846952, MCC_train: 0.2862457205370787, roc_auc_train: 0.7034813447714523, prc_auc_train: 0.6927127601825791, TN_train: 7177, FP_train: 3933, FN_train: 3958, TP_train: 7044
ACC: 0.636692599963814, FPR: 0.35252860834256183, Pre: 0.6488970588235294, MCC: 0.2737827927731261, roc_auc: 0.6997577404760464, prc_auc: 0.6993709497502804, TN: 1754, FP: 955, FN: 1053, TP: 1765
Trial 34 finished with value: 0.6993709497502804 and parameters: {'C': 11, 'gamma': 0.001}. Best is trial 16 with value: 0.7092134530597741.
ACC_train: 0.6359895079594791, FPR_train: 0.3574257425742574, Pre_train: 0.6355208811381368, MCC_train: 0.27193996915614155, roc_auc_train: 0.6936335934993245, prc_auc_train: 0.6850066660211647, TN_train: 7139, FP_train: 3971, FN_train: 4078, TP_train: 6924
ACC: 0.6272842409987335, FPR: 0.3584348468069398, Pre: 0.6403703703703704, MCC: 0.25513861390927756, roc_auc: 0.6925056084900605, prc_auc: 0.6937133609117682, TN: 1738, FP: 971, FN: 1089, TP: 1729
Trial 35 finished with value: 0.6937133609117682 and parameters: {'C': 9, 'gamma': 0.0007000000000000001}. Best is trial 16 with value: 0.7092134530597741.
ACC_train: 0.6164526049204052, FPR_train: 0.3684968496849685, Pre_train: 0.6177047343356056, MCC_train: 0.23286941489015636, roc_auc_train: 0.670760504063495, prc_auc_train: 0.6662777055060198, TN_train: 7016, FP_train: 4094, FN_train: 4387, TP_train: 6615
ACC: 0.6191423918943368, FPR: 0.3536360280546327, Pre: 0.6356028908330164, MCC: 0.23957508373006828, roc_auc: 0.6751091372998713, prc_auc: 0.679055756323304, TN: 1751, FP: 958, FN: 1147, TP: 1671
Trial 36 finished with value: 0.679055756323304 and parameters: {'C': 18, 'gamma': 0.0001}. Best is trial 16 with value: 0.7092134530597741.
ACC_train: 0.6402858176555717, FPR_train: 0.3558055805580558, Pre_train: 0.6391272594486033, MCC_train: 0.28054186011520504, roc_auc_train: 0.7003775232095105, prc_auc_train: 0.6900347739949784, TN_train: 7157, FP_train: 3953, FN_train: 4001, TP_train: 7001
ACC: 0.6354260901031301, FPR: 0.3532668881506091, Pre: 0.6477732793522267, MCC: 0.27127517896048103, roc_auc: 0.697448585675433, prc_auc: 0.6972765169937362, TN: 1752, FP: 957, FN: 1058, TP: 1760
Trial 37 finished with value: 0.6972765169937362 and parameters: {'C': 14, 'gamma': 0.0007000000000000001}. Best is trial 16 with value: 0.7092134530597741.
ACC_train: 0.6289797395079595, FPR_train: 0.36417641764176417, Pre_train: 0.6284664830119375, MCC_train: 0.2579182944852003, roc_auc_train: 0.6858510219318605, prc_auc_train: 0.6783733674450612, TN_train: 7064, FP_train: 4046, FN_train: 4158, TP_train: 6844
ACC: 0.6234847114166817, FPR: 0.3584348468069398, Pre: 0.637551325121314, MCC: 0.24773644420069812, roc_auc: 0.6870287669757853, prc_auc: 0.688444928170691, TN: 1738, FP: 971, FN: 1110, TP: 1708
Trial 38 finished with value: 0.688444928170691 and parameters: {'C': 21, 'gamma': 0.0002}. Best is trial 16 with value: 0.7092134530597741.
ACC_train: 0.6553002894356006, FPR_train: 0.3395139513951395, Pre_train: 0.6547052361772244, MCC_train: 0.3105681049389956, roc_auc_train: 0.7129354518800362, prc_auc_train: 0.700754772201559, TN_train: 7338, FP_train: 3772, FN_train: 3850, TP_train: 7152
ACC: 0.6453772390085037, FPR: 0.34514581026208935, Pre: 0.657258064516129, MCC: 0.2910884457264258, roc_auc: 0.7075383660542194, prc_auc: 0.7058444352354605, TN: 1774, FP: 935, FN: 1025, TP: 1793
Trial 39 finished with value: 0.7058444352354605 and parameters: {'C': 27, 'gamma': 0.0008}. Best is trial 16 with value: 0.7092134530597741.
ACC_train: 0.6339091895803184, FPR_train: 0.3603960396039604, Pre_train: 0.6331653687585891, MCC_train: 0.267781060768339, roc_auc_train: 0.692516490332909, prc_auc_train: 0.6841264301708284, TN_train: 7106, FP_train: 4004, FN_train: 4091, TP_train: 6911
ACC: 0.6271033110186358, FPR: 0.3595422665190107, Pre: 0.6399260628465804, MCC: 0.2547307112601457, roc_auc: 0.6916714413826005, prc_auc: 0.6929508121606006, TN: 1735, FP: 974, FN: 1087, TP: 1731
Trial 40 finished with value: 0.6929508121606006 and parameters: {'C': 10, 'gamma': 0.0006000000000000001}. Best is trial 16 with value: 0.7092134530597741.
ACC_train: 0.6336830680173662, FPR_train: 0.35985598559855986, Pre_train: 0.6331436960910258, MCC_train: 0.2673268238424532, roc_auc_train: 0.6908464805760707, prc_auc_train: 0.682628325014454, TN_train: 7112, FP_train: 3998, FN_train: 4102, TP_train: 6900
ACC: 0.6243893613171703, FPR: 0.36175710594315247, Pre: 0.6373056994818653, MCC: 0.249327836553756, roc_auc: 0.690430342723739, prc_auc: 0.6918723660470293, TN: 1729, FP: 980, FN: 1096, TP: 1722
Trial 41 finished with value: 0.6918723660470293 and parameters: {'C': 29, 'gamma': 0.0002}. Best is trial 16 with value: 0.7092134530597741.
ACC_train: 0.6260401591895803, FPR_train: 0.3622862286228623, Pre_train: 0.6267272558657145, MCC_train: 0.2520395684298944, roc_auc_train: 0.6823865794141676, prc_auc_train: 0.6756881013740197, TN_train: 7085, FP_train: 4025, FN_train: 4244, TP_train: 6758
ACC: 0.6207707617152162, FPR: 0.3584348468069398, Pre: 0.6355105105105106, MCC: 0.24245592269369287, roc_auc: 0.6844171480025706, prc_auc: 0.686532266215765, TN: 1738, FP: 971, FN: 1125, TP: 1693
Trial 42 finished with value: 0.686532266215765 and parameters: {'C': 4, 'gamma': 0.0008}. Best is trial 16 with value: 0.7092134530597741.
ACC_train: 0.6503708393632417, FPR_train: 0.344014401440144, Pre_train: 0.6498396701786532, MCC_train: 0.3007074308172981, roc_auc_train: 0.7090410163539531, prc_auc_train: 0.6970197668548346, TN_train: 7288, FP_train: 3822, FN_train: 3909, TP_train: 7093
ACC: 0.6424823593269404, FPR: 0.34957548911037284, Pre: 0.653874269005848, MCC: 0.2852305621455594, roc_auc: 0.7044759326808281, prc_auc: 0.7030099436543348, TN: 1762, FP: 947, FN: 1029, TP: 1789
Trial 43 finished with value: 0.7030099436543348 and parameters: {'C': 21, 'gamma': 0.0008}. Best is trial 16 with value: 0.7092134530597741.
ACC_train: 0.6164526049204052, FPR_train: 0.3684968496849685, Pre_train: 0.6177047343356056, MCC_train: 0.23286941489015636, roc_auc_train: 0.670760504063495, prc_auc_train: 0.6662777055060198, TN_train: 7016, FP_train: 4094, FN_train: 4387, TP_train: 6615
ACC: 0.6191423918943368, FPR: 0.3536360280546327, Pre: 0.6356028908330164, MCC: 0.23957508373006828, roc_auc: 0.6751091372998713, prc_auc: 0.679055756323304, TN: 1751, FP: 958, FN: 1147, TP: 1671
Trial 44 finished with value: 0.679055756323304 and parameters: {'C': 18, 'gamma': 0.0001}. Best is trial 16 with value: 0.7092134530597741.
ACC_train: 0.6133321273516642, FPR_train: 0.3675067506750675, Pre_train: 0.6154643058956489, MCC_train: 0.2266513909067959, roc_auc_train: 0.6633781706656395, prc_auc_train: 0.6600033518850665, TN_train: 7027, FP_train: 4083, FN_train: 4467, TP_train: 6535
ACC: 0.6162475122127736, FPR: 0.3506829088224437, Pre: 0.634193299961494, MCC: 0.23415406620250442, roc_auc: 0.6685451800781822, prc_auc: 0.6740157649163943, TN: 1759, FP: 950, FN: 1171, TP: 1647
Trial 45 finished with value: 0.6740157649163943 and parameters: {'C': 4, 'gamma': 0.00030000000000000003}. Best is trial 16 with value: 0.7092134530597741.
ACC_train: 0.6335473950795948, FPR_train: 0.36084608460846085, Pre_train: 0.6327745717688009, MCC_train: 0.26705767607012265, roc_auc_train: 0.6908525428074529, prc_auc_train: 0.6826805806364011, TN_train: 7101, FP_train: 4009, FN_train: 4094, TP_train: 6908
ACC: 0.6236656413967795, FPR: 0.3613879660391288, Pre: 0.6368694362017804, MCC: 0.24793516430894075, roc_auc: 0.690367662296459, prc_auc: 0.6916459863184032, TN: 1730, FP: 979, FN: 1101, TP: 1717
Trial 46 finished with value: 0.6916459863184032 and parameters: {'C': 11, 'gamma': 0.0005}. Best is trial 16 with value: 0.7092134530597741.
ACC_train: 0.6212463820549927, FPR_train: 0.3638163816381638, Pre_train: 0.6226309401549809, MCC_train: 0.24246131924099276, roc_auc_train: 0.6759621522050405, prc_auc_train: 0.6702992664119416, TN_train: 7068, FP_train: 4042, FN_train: 4333, TP_train: 6669
ACC: 0.6200470417948254, FPR: 0.3521594684385382, Pre: 0.6367098248286367, MCC: 0.24142125012919785, roc_auc: 0.6794920514406544, prc_auc: 0.6827232740144682, TN: 1755, FP: 954, FN: 1146, TP: 1672
Trial 47 finished with value: 0.6827232740144682 and parameters: {'C': 24, 'gamma': 0.0001}. Best is trial 16 with value: 0.7092134530597741.
ACC_train: 0.6046942836468886, FPR_train: 0.36975697569756977, Pre_train: 0.6079030256752888, MCC_train: 0.20942265366882587, roc_auc_train: 0.6506341085844632, prc_auc_train: 0.6501185675897186, TN_train: 7002, FP_train: 4108, FN_train: 4633, TP_train: 6369
ACC: 0.6073819431879862, FPR: 0.35658914728682173, Pre: 0.6255813953488372, MCC: 0.21659346431485452, roc_auc: 0.6568026537203093, prc_auc: 0.6660076846954843, TN: 1743, FP: 966, FN: 1204, TP: 1614
Trial 48 finished with value: 0.6660076846954843 and parameters: {'C': 6, 'gamma': 0.0001}. Best is trial 16 with value: 0.7092134530597741.
ACC_train: 0.6188947178002895, FPR_train: 0.36588658865886586, Pre_train: 0.6202709014479215, MCC_train: 0.23775705639129505, roc_auc_train: 0.6737037296712765, prc_auc_train: 0.6686619137406107, TN_train: 7045, FP_train: 4065, FN_train: 4362, TP_train: 6640
ACC: 0.6195042518545323, FPR: 0.3532668881506091, Pre: 0.6359832635983264, MCC: 0.24029980329187325, roc_auc: 0.677563694972545, prc_auc: 0.6811338490196073, TN: 1752, FP: 957, FN: 1146, TP: 1672
Trial 49 finished with value: 0.6811338490196073 and parameters: {'C': 7, 'gamma': 0.00030000000000000003}. Best is trial 16 with value: 0.7092134530597741.
ACC_train: 0.6502803907380608, FPR_train: 0.34374437443744377, Pre_train: 0.6498578894288072, MCC_train: 0.3005258346340209, roc_auc_train: 0.7085475130861569, prc_auc_train: 0.696742876298122, TN_train: 7291, FP_train: 3819, FN_train: 3914, TP_train: 7088
ACC: 0.6404921295458658, FPR: 0.35142118863049093, Pre: 0.6519195612431444, MCC: 0.28125730057559306, roc_auc: 0.7041179927277604, prc_auc: 0.7029361681980308, TN: 1757, FP: 952, FN: 1035, TP: 1783
Trial 50 finished with value: 0.7029361681980308 and parameters: {'C': 15, 'gamma': 0.001}. Best is trial 16 with value: 0.7092134530597741.
ACC_train: 0.6509587554269175, FPR_train: 0.34293429342934295, Pre_train: 0.6505869405722671, MCC_train: 0.30188249323882765, roc_auc_train: 0.7097527190457639, prc_auc_train: 0.6976706344463192, TN_train: 7300, FP_train: 3810, FN_train: 3908, TP_train: 7094
ACC: 0.6428442192871359, FPR: 0.3477297895902547, Pre: 0.6546920821114369, MCC: 0.2860210026897949, roc_auc: 0.7050029198468633, prc_auc: 0.7034621421957472, TN: 1767, FP: 942, FN: 1032, TP: 1786
Trial 51 finished with value: 0.7034621421957472 and parameters: {'C': 22, 'gamma': 0.0008}. Best is trial 16 with value: 0.7092134530597741.
ACC_train: 0.6046490593342981, FPR_train: 0.36966696669666965, Pre_train: 0.6078861943860989, MCC_train: 0.2093337431529327, roc_auc_train: 0.6506507449508813, prc_auc_train: 0.6501467544368899, TN_train: 7003, FP_train: 4107, FN_train: 4635, TP_train: 6367
ACC: 0.6077438031481817, FPR: 0.3562200073827981, Pre: 0.625968992248062, MCC: 0.2173189261109396, roc_auc: 0.6568240711703831, prc_auc: 0.6660354980786274, TN: 1744, FP: 965, FN: 1203, TP: 1615
Trial 52 finished with value: 0.6660354980786274 and parameters: {'C': 3, 'gamma': 0.0002}. Best is trial 16 with value: 0.7092134530597741.
ACC_train: 0.6372105643994211, FPR_train: 0.3557155715571557, Pre_train: 0.6368981991914737, MCC_train: 0.2743816221625165, roc_auc_train: 0.69396338788578, prc_auc_train: 0.6849336309892062, TN_train: 7158, FP_train: 3952, FN_train: 4070, TP_train: 6932
ACC: 0.6292744707798082, FPR: 0.3580657069029162, Pre: 0.6419342930970838, MCC: 0.2590386224086523, roc_auc: 0.6927005269347687, prc_auc: 0.6937477043565863, TN: 1739, FP: 970, FN: 1079, TP: 1739
Trial 53 finished with value: 0.6937477043565863 and parameters: {'C': 17, 'gamma': 0.0004}. Best is trial 16 with value: 0.7092134530597741.
ACC_train: 0.6561143270622286, FPR_train: 0.3397839783978398, Pre_train: 0.6551881622214103, MCC_train: 0.3121995623193239, roc_auc_train: 0.7141421549899036, prc_auc_train: 0.7017821332411116, TN_train: 7335, FP_train: 3775, FN_train: 3829, TP_train: 7173
ACC: 0.64646281888909, FPR: 0.34256183093392395, Pre: 0.6588235294117647, MCC: 0.2933294534352848, roc_auc: 0.7085255991580781, prc_auc: 0.7066937141694334, TN: 1781, FP: 928, FN: 1026, TP: 1792
Trial 54 finished with value: 0.7066937141694334 and parameters: {'C': 29, 'gamma': 0.0008}. Best is trial 16 with value: 0.7092134530597741.
ACC_train: 0.6560238784370478, FPR_train: 0.33960396039603963, Pre_train: 0.6551818680314385, MCC_train: 0.31201770369260096, roc_auc_train: 0.7150903706076843, prc_auc_train: 0.7026875369751417, TN_train: 7337, FP_train: 3773, FN_train: 3833, TP_train: 7169
ACC: 0.6453772390085037, FPR: 0.3429309708379476, Pre: 0.6579528718703976, MCC: 0.29119309822272565, roc_auc: 0.7092615865785027, prc_auc: 0.7074807490110945, TN: 1780, FP: 929, FN: 1031, TP: 1787
Trial 55 finished with value: 0.7074807490110945 and parameters: {'C': 26, 'gamma': 0.0009000000000000001}. Best is trial 16 with value: 0.7092134530597741.
ACC_train: 0.6306982633863966, FPR_train: 0.363006300630063, Pre_train: 0.6300678774536782, MCC_train: 0.2613569665027383, roc_auc_train: 0.6881808372620575, prc_auc_train: 0.6803613448850818, TN_train: 7077, FP_train: 4033, FN_train: 4133, TP_train: 6869
ACC: 0.6234847114166817, FPR: 0.3613879660391288, Pre: 0.636734693877551, MCC: 0.24758247166158437, roc_auc: 0.688411535189722, prc_auc: 0.6897076593418918, TN: 1730, FP: 979, FN: 1102, TP: 1716
Trial 56 finished with value: 0.6897076593418918 and parameters: {'C': 16, 'gamma': 0.00030000000000000003}. Best is trial 16 with value: 0.7092134530597741.
ACC_train: 0.6379793777134588, FPR_train: 0.3556255625562556, Pre_train: 0.6374896779521056, MCC_train: 0.2759205095309841, roc_auc_train: 0.6947961143142127, prc_auc_train: 0.6856097189414558, TN_train: 7159, FP_train: 3951, FN_train: 4054, TP_train: 6948
ACC: 0.6301791206802967, FPR: 0.3569582871908453, Pre: 0.6429098966026587, MCC: 0.26085764472264117, roc_auc: 0.6932643232963434, prc_auc: 0.6941297711816004, TN: 1742, FP: 967, FN: 1077, TP: 1741
Trial 57 finished with value: 0.6941297711816004 and parameters: {'C': 18, 'gamma': 0.0004}. Best is trial 16 with value: 0.7092134530597741.
ACC_train: 0.6446725759768451, FPR_train: 0.35094509450945094, Pre_train: 0.6436991684181669, MCC_train: 0.28931379412998454, roc_auc_train: 0.7040816938447163, prc_auc_train: 0.6931135208745003, TN_train: 7211, FP_train: 3899, FN_train: 3958, TP_train: 7044
ACC: 0.6381400398045957, FPR: 0.35105204872646734, Pre: 0.6503676470588236, MCC: 0.27667859435270514, roc_auc: 0.7003113848352926, prc_auc: 0.69966869011115, TN: 1758, FP: 951, FN: 1049, TP: 1769
Trial 58 finished with value: 0.69966869011115 and parameters: {'C': 13, 'gamma': 0.0009000000000000001}. Best is trial 16 with value: 0.7092134530597741.
ACC_train: 0.6046942836468886, FPR_train: 0.36975697569756977, Pre_train: 0.6079030256752888, MCC_train: 0.20942265366882587, roc_auc_train: 0.6506341085844632, prc_auc_train: 0.6501185675897186, TN_train: 7002, FP_train: 4108, FN_train: 4633, TP_train: 6369
ACC: 0.6073819431879862, FPR: 0.35658914728682173, Pre: 0.6255813953488372, MCC: 0.21659346431485452, roc_auc: 0.6568026537203093, prc_auc: 0.6660076846954843, TN: 1743, FP: 966, FN: 1204, TP: 1614
Trial 59 finished with value: 0.6660076846954843 and parameters: {'C': 6, 'gamma': 0.0001}. Best is trial 16 with value: 0.7092134530597741.
ACC_train: 0.6299746743849494, FPR_train: 0.36336633663366336, Pre_train: 0.6294290435101891, MCC_train: 0.2599087844491377, roc_auc_train: 0.687319574986039, prc_auc_train: 0.6796564867667216, TN_train: 7073, FP_train: 4037, FN_train: 4145, TP_train: 6857
ACC: 0.6238465713768772, FPR: 0.36064968623108157, Pre: 0.6372075751949499, MCC: 0.24832535734707503, roc_auc: 0.6878657504451816, prc_auc: 0.689316778549571, TN: 1732, FP: 977, FN: 1102, TP: 1716
Trial 60 finished with value: 0.689316778549571 and parameters: {'C': 23, 'gamma': 0.0002}. Best is trial 16 with value: 0.7092134530597741.
ACC_train: 0.6437680897250362, FPR_train: 0.35094509450945094, Pre_train: 0.6430467820195916, MCC_train: 0.2875016562339555, roc_auc_train: 0.7024769123885666, prc_auc_train: 0.6912396511006144, TN_train: 7211, FP_train: 3899, FN_train: 3978, TP_train: 7024
ACC: 0.6374163198842048, FPR: 0.35252860834256183, Pre: 0.6494126284875184, MCC: 0.2751961557665557, roc_auc: 0.6991827441635157, prc_auc: 0.698299044470543, TN: 1754, FP: 955, FN: 1049, TP: 1769
Trial 61 finished with value: 0.698299044470543 and parameters: {'C': 24, 'gamma': 0.0005}. Best is trial 16 with value: 0.7092134530597741.
ACC_train: 0.6240050651230101, FPR_train: 0.36210621062106213, Pre_train: 0.6252096143096703, MCC_train: 0.2479760295636266, roc_auc_train: 0.6794475589169533, prc_auc_train: 0.6729734328973328, TN_train: 7087, FP_train: 4023, FN_train: 4291, TP_train: 6711
ACC: 0.6198661118147277, FPR: 0.357327427094869, Pre: 0.6351300414624953, MCC: 0.240760125418944, roc_auc: 0.6822925631539691, prc_auc: 0.6847734951124533, TN: 1741, FP: 968, FN: 1133, TP: 1685
Trial 62 finished with value: 0.6847734951124533 and parameters: {'C': 29, 'gamma': 0.0001}. Best is trial 16 with value: 0.7092134530597741.
ACC_train: 0.6300198986975398, FPR_train: 0.3639063906390639, Pre_train: 0.6293206197854588, MCC_train: 0.2600006868525952, roc_auc_train: 0.6872170038309048, prc_auc_train: 0.6795947702449265, TN_train: 7067, FP_train: 4043, FN_train: 4138, TP_train: 6864
ACC: 0.6238465713768772, FPR: 0.36028054632705797, Pre: 0.6373095503530286, MCC: 0.24834429078608572, roc_auc: 0.6878506206868727, prc_auc: 0.6893769385144755, TN: 1733, FP: 976, FN: 1103, TP: 1715
Trial 63 finished with value: 0.6893769385144755 and parameters: {'C': 15, 'gamma': 0.00030000000000000003}. Best is trial 16 with value: 0.7092134530597741.
ACC_train: 0.6394265557163531, FPR_train: 0.35625562556255624, Pre_train: 0.6383736866148927, MCC_train: 0.2788214529941861, roc_auc_train: 0.6981703555740049, prc_auc_train: 0.6880719611387549, TN_train: 7152, FP_train: 3958, FN_train: 4015, TP_train: 6987
ACC: 0.6325312104215669, FPR: 0.35437430786268, Pre: 0.6453638714444034, MCC: 0.26557277581319266, roc_auc: 0.6958452897722048, prc_auc: 0.6957247038902764, TN: 1749, FP: 960, FN: 1071, TP: 1747
Trial 64 finished with value: 0.6957247038902764 and parameters: {'C': 23, 'gamma': 0.0004}. Best is trial 16 with value: 0.7092134530597741.
ACC_train: 0.6491045586107091, FPR_train: 0.34518451845184517, Pre_train: 0.648584257307798, MCC_train: 0.2981744423850934, roc_auc_train: 0.7076915726475392, prc_auc_train: 0.695683972120447, TN_train: 7275, FP_train: 3835, FN_train: 3924, TP_train: 7078
ACC: 0.6419395693866473, FPR: 0.34846806939830194, Pre: 0.6538320498716539, MCC: 0.28421967997316444, roc_auc: 0.7035542618629749, prc_auc: 0.7021538434302955, TN: 1765, FP: 944, FN: 1035, TP: 1783
Trial 65 finished with value: 0.7021538434302955 and parameters: {'C': 28, 'gamma': 0.0006000000000000001}. Best is trial 16 with value: 0.7092134530597741.
ACC_train: 0.6389743125904487, FPR_train: 0.3543654365436544, Pre_train: 0.6385752318002387, MCC_train: 0.2779101358319294, roc_auc_train: 0.696432765436151, prc_auc_train: 0.6873541227330435, TN_train: 7173, FP_train: 3937, FN_train: 4046, TP_train: 6956
ACC: 0.6312647005608829, FPR: 0.3569582871908453, Pre: 0.6436993367722919, MCC: 0.2629759785822718, roc_auc: 0.6946220062400101, prc_auc: 0.6955628208215456, TN: 1742, FP: 967, FN: 1071, TP: 1747
Trial 66 finished with value: 0.6955628208215456 and parameters: {'C': 8, 'gamma': 0.0009000000000000001}. Best is trial 16 with value: 0.7092134530597741.
ACC_train: 0.6063223589001447, FPR_train: 0.3702970297029703, Pre_train: 0.6091211401425178, MCC_train: 0.21265808262748376, roc_auc_train: 0.6535722455175894, prc_auc_train: 0.6521754725221175, TN_train: 6996, FP_train: 4114, FN_train: 4591, TP_train: 6411
ACC: 0.6113624027501356, FPR: 0.3532668881506091, Pre: 0.6296439628482973, MCC: 0.22452349219143755, roc_auc: 0.6592887153485961, prc_auc: 0.6674651047460191, TN: 1752, FP: 957, FN: 1191, TP: 1627
Trial 67 finished with value: 0.6674651047460191 and parameters: {'C': 1, 'gamma': 0.0007000000000000001}. Best is trial 16 with value: 0.7092134530597741.
ACC_train: 0.6446725759768451, FPR_train: 0.35094509450945094, Pre_train: 0.6436991684181669, MCC_train: 0.28931379412998454, roc_auc_train: 0.7040816938447163, prc_auc_train: 0.6931135208745003, TN_train: 7211, FP_train: 3899, FN_train: 3958, TP_train: 7044
ACC: 0.6381400398045957, FPR: 0.35105204872646734, Pre: 0.6503676470588236, MCC: 0.27667859435270514, roc_auc: 0.7003113848352926, prc_auc: 0.69966869011115, TN: 1758, FP: 951, FN: 1049, TP: 1769
Trial 68 finished with value: 0.69966869011115 and parameters: {'C': 13, 'gamma': 0.0009000000000000001}. Best is trial 16 with value: 0.7092134530597741.
ACC_train: 0.6400596960926194, FPR_train: 0.3551755175517552, Pre_train: 0.639140374942844, MCC_train: 0.2800860529561211, roc_auc_train: 0.6990929191992096, prc_auc_train: 0.6891373921180195, TN_train: 7164, FP_train: 3946, FN_train: 4013, TP_train: 6989
ACC: 0.6321693504613715, FPR: 0.35400516795865633, Pre: 0.6452090270070292, MCC: 0.26488544055394386, roc_auc: 0.6965900537623845, prc_auc: 0.6968826264875851, TN: 1750, FP: 959, FN: 1074, TP: 1744
Trial 69 finished with value: 0.6968826264875851 and parameters: {'C': 11, 'gamma': 0.0008}. Best is trial 16 with value: 0.7092134530597741.
ACC_train: 0.6081313314037626, FPR_train: 0.3719171917191719, Pre_train: 0.6102254504292048, MCC_train: 0.21624743659803497, roc_auc_train: 0.65592102066051, prc_auc_train: 0.6538776623351399, TN_train: 6978, FP_train: 4132, FN_train: 4533, TP_train: 6469
ACC: 0.6148000723719921, FPR: 0.3517903285345146, Pre: 0.6327552986512525, MCC: 0.2312778376583592, roc_auc: 0.6614655666349925, prc_auc: 0.6689493263888528, TN: 1756, FP: 953, FN: 1176, TP: 1642
Trial 70 finished with value: 0.6689493263888528 and parameters: {'C': 1, 'gamma': 0.0008}. Best is trial 16 with value: 0.7092134530597741.
ACC_train: 0.6135130246020261, FPR_train: 0.3666966696669667, Pre_train: 0.6158053564692569, MCC_train: 0.227018873271778, roc_auc_train: 0.6635185100949651, prc_auc_train: 0.6601875333320619, TN_train: 7036, FP_train: 4074, FN_train: 4472, TP_train: 6530
ACC: 0.6166093721729691, FPR: 0.34994462901439644, Pre: 0.6346820809248555, MCC: 0.23490388782202926, roc_auc: 0.668612641771075, prc_auc: 0.6741200760717272, TN: 1761, FP: 948, FN: 1171, TP: 1647
Trial 71 finished with value: 0.6741200760717272 and parameters: {'C': 2, 'gamma': 0.0006000000000000001}. Best is trial 16 with value: 0.7092134530597741.
ACC_train: 0.6149602026049205, FPR_train: 0.3683168316831683, Pre_train: 0.6165667166416792, MCC_train: 0.22989221029089438, roc_auc_train: 0.667385076537103, prc_auc_train: 0.6634624107570238, TN_train: 7018, FP_train: 4092, FN_train: 4422, TP_train: 6580
ACC: 0.6184186719739461, FPR: 0.3521594684385382, Pre: 0.6354604508979748, MCC: 0.23826413150500822, roc_auc: 0.6722908104598896, prc_auc: 0.677204622691122, TN: 1755, FP: 954, FN: 1155, TP: 1663
Trial 72 finished with value: 0.677204622691122 and parameters: {'C': 15, 'gamma': 0.0001}. Best is trial 16 with value: 0.7092134530597741.
ACC_train: 0.6465267727930536, FPR_train: 0.34725472547254727, Pre_train: 0.6461199779856907, MCC_train: 0.2930174344454423, roc_auc_train: 0.7058619445838421, prc_auc_train: 0.694269591702529, TN_train: 7252, FP_train: 3858, FN_train: 3958, TP_train: 7044
ACC: 0.6390446897050841, FPR: 0.35105204872646734, Pre: 0.6510091743119266, MCC: 0.27844530098395454, roc_auc: 0.7018315653130053, prc_auc: 0.7007876134939344, TN: 1758, FP: 951, FN: 1044, TP: 1774
Trial 73 finished with value: 0.7007876134939344 and parameters: {'C': 17, 'gamma': 0.0008}. Best is trial 16 with value: 0.7092134530597741.
ACC_train: 0.639517004341534, FPR_train: 0.3558055805580558, Pre_train: 0.638566334461004, MCC_train: 0.2790009272415539, roc_auc_train: 0.6990503035942568, prc_auc_train: 0.6889191430170791, TN_train: 7157, FP_train: 3953, FN_train: 4018, TP_train: 6984
ACC: 0.6328930703817622, FPR: 0.35437430786268, Pre: 0.64562569213732, MCC: 0.266278637488633, roc_auc: 0.6965335300332907, prc_auc: 0.6964549040897837, TN: 1749, FP: 960, FN: 1069, TP: 1749
Trial 74 finished with value: 0.6964549040897837 and parameters: {'C': 19, 'gamma': 0.0005}. Best is trial 16 with value: 0.7092134530597741.
ACC_train: 0.6406476121562952, FPR_train: 0.35445544554455444, Pre_train: 0.6397731430662276, MCC_train: 0.2812614898407232, roc_auc_train: 0.7002523066340447, prc_auc_train: 0.6902348352169501, TN_train: 7172, FP_train: 3938, FN_train: 4008, TP_train: 6994
ACC: 0.6339786502623485, FPR: 0.3536360280546327, Pre: 0.6466248616746588, MCC: 0.26843260130361507, roc_auc: 0.6974908311044776, prc_auc: 0.6976502449909427, TN: 1751, FP: 958, FN: 1065, TP: 1753
Trial 75 finished with value: 0.6976502449909427 and parameters: {'C': 9, 'gamma': 0.001}. Best is trial 16 with value: 0.7092134530597741.
ACC_train: 0.642230463096961, FPR_train: 0.3546354635463546, Pre_train: 0.6408713882052685, MCC_train: 0.2844351744653277, roc_auc_train: 0.7012282481656638, prc_auc_train: 0.6902989356835488, TN_train: 7170, FP_train: 3940, FN_train: 3971, TP_train: 7031
ACC: 0.6370544599240094, FPR: 0.35252860834256183, Pre: 0.6491550330639236, MCC: 0.2744894100347678, roc_auc: 0.698049649710072, prc_auc: 0.6974677990246478, TN: 1754, FP: 955, FN: 1051, TP: 1767
Trial 76 finished with value: 0.6974677990246478 and parameters: {'C': 22, 'gamma': 0.0005}. Best is trial 16 with value: 0.7092134530597741.
ACC_train: 0.6321454413892909, FPR_train: 0.3617461746174617, Pre_train: 0.6314872547221713, MCC_train: 0.2642520904890928, roc_auc_train: 0.6894881275984353, prc_auc_train: 0.6816495014182129, TN_train: 7091, FP_train: 4019, FN_train: 4115, TP_train: 6887
ACC: 0.6240275013569748, FPR: 0.36028054632705797, Pre: 0.637444279346211, MCC: 0.2486968592485594, roc_auc: 0.689367395331546, prc_auc: 0.690678676826941, TN: 1733, FP: 976, FN: 1102, TP: 1716
Trial 77 finished with value: 0.690678676826941 and parameters: {'C': 7, 'gamma': 0.0007000000000000001}. Best is trial 16 with value: 0.7092134530597741.
ACC_train: 0.6297485528219972, FPR_train: 0.36336633663366336, Pre_train: 0.6292588851134172, MCC_train: 0.25945602446834665, roc_auc_train: 0.6869568637467274, prc_auc_train: 0.679524955369117, TN_train: 7073, FP_train: 4037, FN_train: 4150, TP_train: 6852
ACC: 0.6231228514564864, FPR: 0.36028054632705797, Pre: 0.6367696315593598, MCC: 0.2469342742181912, roc_auc: 0.6878477388281472, prc_auc: 0.6894213882125633, TN: 1733, FP: 976, FN: 1107, TP: 1711
Trial 78 finished with value: 0.6894213882125633 and parameters: {'C': 6, 'gamma': 0.0007000000000000001}. Best is trial 16 with value: 0.7092134530597741.
ACC_train: 0.6389743125904487, FPR_train: 0.354995499549955, Pre_train: 0.638397359493903, MCC_train: 0.2779113548452789, roc_auc_train: 0.6956946335426126, prc_auc_train: 0.6863513893040099, TN_train: 7166, FP_train: 3944, FN_train: 4039, TP_train: 6963
ACC: 0.6312647005608829, FPR: 0.3580657069029162, Pre: 0.6433823529411765, MCC: 0.2629235368497046, roc_auc: 0.6940327316274302, prc_auc: 0.6948067703245097, TN: 1739, FP: 970, FN: 1068, TP: 1750
Trial 79 finished with value: 0.6948067703245097 and parameters: {'C': 15, 'gamma': 0.0005}. Best is trial 16 with value: 0.7092134530597741.
ACC_train: 0.6446725759768451, FPR_train: 0.35094509450945094, Pre_train: 0.6436991684181669, MCC_train: 0.28931379412998454, roc_auc_train: 0.7040816938447163, prc_auc_train: 0.6931135208745003, TN_train: 7211, FP_train: 3899, FN_train: 3958, TP_train: 7044
ACC: 0.6381400398045957, FPR: 0.35105204872646734, Pre: 0.6503676470588236, MCC: 0.27667859435270514, roc_auc: 0.7003113848352926, prc_auc: 0.69966869011115, TN: 1758, FP: 951, FN: 1049, TP: 1769
Trial 80 finished with value: 0.69966869011115 and parameters: {'C': 13, 'gamma': 0.0009000000000000001}. Best is trial 16 with value: 0.7092134530597741.
ACC_train: 0.6267637481910275, FPR_train: 0.3629162916291629, Pre_train: 0.6271155091094054, MCC_train: 0.2534844023691937, roc_auc_train: 0.6820164928690651, prc_auc_train: 0.6751289877936175, TN_train: 7078, FP_train: 4032, FN_train: 4221, TP_train: 6781
ACC: 0.6205898317351185, FPR: 0.3610188261351052, Pre: 0.634665670526709, MCC: 0.2419625547265111, roc_auc: 0.6841540474002883, prc_auc: 0.6861342536768497, TN: 1731, FP: 978, FN: 1119, TP: 1699
Trial 81 finished with value: 0.6861342536768497 and parameters: {'C': 11, 'gamma': 0.00030000000000000003}. Best is trial 16 with value: 0.7092134530597741.
ACC_train: 0.6187138205499276, FPR_train: 0.3666966696669667, Pre_train: 0.6199272320179121, MCC_train: 0.23739190073457023, roc_auc_train: 0.6727541191675975, prc_auc_train: 0.6677731442219729, TN_train: 7036, FP_train: 4074, FN_train: 4357, TP_train: 6645
ACC: 0.6185996019540437, FPR: 0.3547434477667036, Pre: 0.6348784194528876, MCC: 0.23845407814373973, roc_auc: 0.6768331437856254, prc_auc: 0.680370297843627, TN: 1748, FP: 961, FN: 1147, TP: 1671
Trial 82 finished with value: 0.680370297843627 and parameters: {'C': 10, 'gamma': 0.0002}. Best is trial 16 with value: 0.7092134530597741.
ACC_train: 0.6457579594790159, FPR_train: 0.34842484248424843, Pre_train: 0.6452204197598753, MCC_train: 0.29148040759718796, roc_auc_train: 0.7050240149446685, prc_auc_train: 0.6934797371154902, TN_train: 7239, FP_train: 3871, FN_train: 3962, TP_train: 7040
ACC: 0.6381400398045957, FPR: 0.35105204872646734, Pre: 0.6503676470588236, MCC: 0.27667859435270514, roc_auc: 0.7011333695399584, prc_auc: 0.7000694520835732, TN: 1758, FP: 951, FN: 1049, TP: 1769
Trial 83 finished with value: 0.7000694520835732 and parameters: {'C': 19, 'gamma': 0.0007000000000000001}. Best is trial 16 with value: 0.7092134530597741.
ACC_train: 0.640918958031838, FPR_train: 0.35634563456345636, Pre_train: 0.6394353369763206, MCC_train: 0.28181436119620396, roc_auc_train: 0.7005249720572858, prc_auc_train: 0.690001493866727, TN_train: 7151, FP_train: 3959, FN_train: 3981, TP_train: 7021
ACC: 0.6361498100235209, FPR: 0.35289774824658543, Pre: 0.6484001471129092, MCC: 0.2727055774072984, roc_auc: 0.697455855819036, prc_auc: 0.6971064643256271, TN: 1753, FP: 956, FN: 1055, TP: 1763
Trial 84 finished with value: 0.6971064643256271 and parameters: {'C': 17, 'gamma': 0.0006000000000000001}. Best is trial 16 with value: 0.7092134530597741.
ACC_train: 0.6173118668596237, FPR_train: 0.36696669666966697, Pre_train: 0.6187581821582195, MCC_train: 0.23459239198572, roc_auc_train: 0.6717307515154352, prc_auc_train: 0.6669789367086405, TN_train: 7033, FP_train: 4077, FN_train: 4385, TP_train: 6617
ACC: 0.6189614619142392, FPR: 0.3536360280546327, Pre: 0.6354642313546424, MCC: 0.2392241090838266, roc_auc: 0.6759104250191447, prc_auc: 0.6796299623199646, TN: 1751, FP: 958, FN: 1148, TP: 1670
Trial 85 finished with value: 0.6796299623199646 and parameters: {'C': 19, 'gamma': 0.0001}. Best is trial 16 with value: 0.7092134530597741.
ACC_train: 0.6047395079594791, FPR_train: 0.3695769576957696, Pre_train: 0.6079816688944052, MCC_train: 0.20951489372702117, roc_auc_train: 0.6507235530860849, prc_auc_train: 0.6502571428942955, TN_train: 7004, FP_train: 4106, FN_train: 4634, TP_train: 6368
ACC: 0.607562873168084, FPR: 0.357327427094869, Pre: 0.625531914893617, MCC: 0.21689461249361489, roc_auc: 0.6568741107173445, prc_auc: 0.6661858392358019, TN: 1741, FP: 968, FN: 1201, TP: 1617
Trial 86 finished with value: 0.6661858392358019 and parameters: {'C': 1, 'gamma': 0.0006000000000000001}. Best is trial 16 with value: 0.7092134530597741.
ACC_train: 0.6392004341534009, FPR_train: 0.35652565256525653, Pre_train: 0.6381326511967842, MCC_train: 0.2783693718085723, roc_auc_train: 0.6969164717780632, prc_auc_train: 0.6868844670642651, TN_train: 7149, FP_train: 3961, FN_train: 4017, TP_train: 6985
ACC: 0.6319884204812738, FPR: 0.35437430786268, Pre: 0.6449704142011834, MCC: 0.26451420480683974, roc_auc: 0.6949352773828321, prc_auc: 0.6947564701329412, TN: 1749, FP: 960, FN: 1074, TP: 1744
Trial 87 finished with value: 0.6947564701329412 and parameters: {'C': 29, 'gamma': 0.00030000000000000003}. Best is trial 16 with value: 0.7092134530597741.
ACC_train: 0.6205227930535456, FPR_train: 0.36462646264626464, Pre_train: 0.6218612900214693, MCC_train: 0.2410129449917925, roc_auc_train: 0.6751004726904248, prc_auc_train: 0.6696547036402718, TN_train: 7059, FP_train: 4051, FN_train: 4340, TP_train: 6662
ACC: 0.6195042518545323, FPR: 0.3532668881506091, Pre: 0.6359832635983264, MCC: 0.24029980329187325, roc_auc: 0.6786405276840519, prc_auc: 0.6820197447714088, TN: 1752, FP: 957, FN: 1146, TP: 1672
Trial 88 finished with value: 0.6820197447714088 and parameters: {'C': 23, 'gamma': 0.0001}. Best is trial 16 with value: 0.7092134530597741.
ACC_train: 0.6495568017366136, FPR_train: 0.3450945094509451, Pre_train: 0.6489332478710741, MCC_train: 0.2990798283646642, roc_auc_train: 0.7083184000094247, prc_auc_train: 0.6964365044890745, TN_train: 7276, FP_train: 3834, FN_train: 3915, TP_train: 7087
ACC: 0.6413967794463543, FPR: 0.35142118863049093, Pre: 0.6525547445255474, MCC: 0.28302653956163815, roc_auc: 0.7039501244569989, prc_auc: 0.7026184112521915, TN: 1757, FP: 952, FN: 1030, TP: 1788
Trial 89 finished with value: 0.7026184112521915 and parameters: {'C': 20, 'gamma': 0.0008}. Best is trial 16 with value: 0.7092134530597741.
ACC_train: 0.615321997105644, FPR_train: 0.368046804680468, Pre_train: 0.616919617762788, MCC_train: 0.23061568193499613, roc_auc_train: 0.6688383922013361, prc_auc_train: 0.6647381934638877, TN_train: 7021, FP_train: 4089, FN_train: 4417, TP_train: 6585
ACC: 0.6191423918943368, FPR: 0.35142118863049093, Pre: 0.6362246847535346, MCC: 0.23971389148654412, roc_auc: 0.6734782017515938, prc_auc: 0.6781365505476944, TN: 1757, FP: 952, FN: 1153, TP: 1665
Trial 90 finished with value: 0.6781365505476944 and parameters: {'C': 4, 'gamma': 0.0004}. Best is trial 16 with value: 0.7092134530597741.
ACC_train: 0.6431349493487699, FPR_train: 0.354005400540054, Pre_train: 0.6417053839846952, MCC_train: 0.2862457205370787, roc_auc_train: 0.7034813447714523, prc_auc_train: 0.6927127601825791, TN_train: 7177, FP_train: 3933, FN_train: 3958, TP_train: 7044
ACC: 0.636692599963814, FPR: 0.35252860834256183, Pre: 0.6488970588235294, MCC: 0.2737827927731261, roc_auc: 0.6997577404760464, prc_auc: 0.6993709497502804, TN: 1754, FP: 955, FN: 1053, TP: 1765
Trial 91 finished with value: 0.6993709497502804 and parameters: {'C': 11, 'gamma': 0.001}. Best is trial 16 with value: 0.7092134530597741.
ACC_train: 0.6413259768451519, FPR_train: 0.3561656165616562, Pre_train: 0.639781520254893, MCC_train: 0.2826297869371413, roc_auc_train: 0.700482814596675, prc_auc_train: 0.6896285644157987, TN_train: 7153, FP_train: 3957, FN_train: 3974, TP_train: 7028
ACC: 0.6357879500633254, FPR: 0.3547434477667036, Pre: 0.6475980931426476, MCC: 0.27191297457577207, roc_auc: 0.6974572967483987, prc_auc: 0.69695990616224, TN: 1748, FP: 961, FN: 1052, TP: 1766
Trial 92 finished with value: 0.69695990616224 and parameters: {'C': 27, 'gamma': 0.0004}. Best is trial 16 with value: 0.7092134530597741.
ACC_train: 0.6509587554269175, FPR_train: 0.34293429342934295, Pre_train: 0.6505869405722671, MCC_train: 0.30188249323882765, roc_auc_train: 0.7097527190457639, prc_auc_train: 0.6976706344463192, TN_train: 7300, FP_train: 3810, FN_train: 3908, TP_train: 7094
ACC: 0.6428442192871359, FPR: 0.3477297895902547, Pre: 0.6546920821114369, MCC: 0.2860210026897949, roc_auc: 0.7050029198468633, prc_auc: 0.7034621421957472, TN: 1767, FP: 942, FN: 1032, TP: 1786
Trial 93 finished with value: 0.7034621421957472 and parameters: {'C': 22, 'gamma': 0.0008}. Best is trial 16 with value: 0.7092134530597741.
ACC_train: 0.6386577424023154, FPR_train: 0.3546354635463546, Pre_train: 0.638266617701065, MCC_train: 0.27727684821957715, roc_auc_train: 0.6961015638920737, prc_auc_train: 0.6869772614695633, TN_train: 7170, FP_train: 3940, FN_train: 4050, TP_train: 6952
ACC: 0.6312647005608829, FPR: 0.357327427094869, Pre: 0.6435935198821797, MCC: 0.2629583597692135, roc_auc: 0.6943621804771887, prc_auc: 0.6952979495558553, TN: 1741, FP: 968, FN: 1070, TP: 1748
Trial 94 finished with value: 0.6952979495558553 and parameters: {'C': 9, 'gamma': 0.0008}. Best is trial 16 with value: 0.7092134530597741.
ACC_train: 0.6585112156295224, FPR_train: 0.3378037803780378, Pre_train: 0.6574792370174318, MCC_train: 0.31699518564985474, roc_auc_train: 0.7175685265308933, prc_auc_train: 0.7048859468178987, TN_train: 7357, FP_train: 3753, FN_train: 3798, TP_train: 7204
ACC: 0.6457390989686991, FPR: 0.3444075304540421, Pre: 0.6577402787967719, MCC: 0.29182943287782875, roc_auc: 0.7110757166462185, prc_auc: 0.7092134530597741, TN: 1776, FP: 933, FN: 1025, TP: 1793
Trial 95 finished with value: 0.7092134530597741 and parameters: {'C': 26, 'gamma': 0.001}. Best is trial 16 with value: 0.7092134530597741.
ACC_train: 0.6225578871201157, FPR_train: 0.3621962196219622, Pre_train: 0.6240657698056801, MCC_train: 0.24508744085900003, roc_auc_train: 0.6774843776869961, prc_auc_train: 0.6714806066948292, TN_train: 7086, FP_train: 4024, FN_train: 4322, TP_train: 6680
ACC: 0.61968518183463, FPR: 0.3536360280546327, Pre: 0.6360182370820668, MCC: 0.24062812297705283, roc_auc: 0.6807239150522364, prc_auc: 0.6836133776624472, TN: 1751, FP: 958, FN: 1144, TP: 1674
Trial 96 finished with value: 0.6836133776624472 and parameters: {'C': 26, 'gamma': 0.0001}. Best is trial 16 with value: 0.7092134530597741.
ACC_train: 0.6187138205499276, FPR_train: 0.3666966696669667, Pre_train: 0.6199272320179121, MCC_train: 0.23739190073457023, roc_auc_train: 0.6727541191675975, prc_auc_train: 0.6677731442219729, TN_train: 7036, FP_train: 4074, FN_train: 4357, TP_train: 6645
ACC: 0.6185996019540437, FPR: 0.3547434477667036, Pre: 0.6348784194528876, MCC: 0.23845407814373973, roc_auc: 0.6768331437856254, prc_auc: 0.680370297843627, TN: 1748, FP: 961, FN: 1147, TP: 1671
Trial 97 finished with value: 0.680370297843627 and parameters: {'C': 10, 'gamma': 0.0002}. Best is trial 16 with value: 0.7092134530597741.
ACC_train: 0.6336378437047757, FPR_train: 0.3603960396039604, Pre_train: 0.6329636080300669, MCC_train: 0.2672375567696183, roc_auc_train: 0.6915544485733796, prc_auc_train: 0.683514162638647, TN_train: 7106, FP_train: 4004, FN_train: 4097, TP_train: 6905
ACC: 0.6236656413967795, FPR: 0.3613879660391288, Pre: 0.6368694362017804, MCC: 0.24793516430894075, roc_auc: 0.6909615871810733, prc_auc: 0.6923672946978463, TN: 1730, FP: 979, FN: 1101, TP: 1717
Trial 98 finished with value: 0.6923672946978463 and parameters: {'C': 6, 'gamma': 0.0009000000000000001}. Best is trial 16 with value: 0.7092134530597741.
ACC_train: 0.6027044138929089, FPR_train: 0.3740774077407741, Pre_train: 0.6052806534333744, MCC_train: 0.20541195128073533, roc_auc_train: 0.6473984150823735, prc_auc_train: 0.6478666461644407, TN_train: 6954, FP_train: 4156, FN_train: 4629, TP_train: 6373
ACC: 0.6066582232675954, FPR: 0.36064968623108157, Pre: 0.623941493456505, MCC: 0.2149250070069206, roc_auc: 0.6540537534768971, prc_auc: 0.66462238907327, TN: 1732, FP: 977, FN: 1197, TP: 1621
Trial 99 finished with value: 0.66462238907327 and parameters: {'C': 5, 'gamma': 0.0001}. Best is trial 16 with value: 0.7092134530597741.
ACC_train: 0.6336830680173662, FPR_train: 0.36084608460846085, Pre_train: 0.6328754578754578, MCC_train: 0.2673294697824664, roc_auc_train: 0.6903254763760325, prc_auc_train: 0.682089263173773, TN_train: 7101, FP_train: 4009, FN_train: 4091, TP_train: 6911
ACC: 0.6240275013569748, FPR: 0.3613879660391288, Pre: 0.6371386212008896, MCC: 0.24864062853722155, roc_auc: 0.6899929551653519, prc_auc: 0.6912537530097219, TN: 1730, FP: 979, FN: 1099, TP: 1719
Trial 100 finished with value: 0.6912537530097219 and parameters: {'C': 28, 'gamma': 0.0002}. Best is trial 16 with value: 0.7092134530597741.
ACC_train: 0.6306982633863966, FPR_train: 0.363006300630063, Pre_train: 0.6300678774536782, MCC_train: 0.2613569665027383, roc_auc_train: 0.6881808372620575, prc_auc_train: 0.6803613448850818, TN_train: 7077, FP_train: 4033, FN_train: 4133, TP_train: 6869
ACC: 0.6234847114166817, FPR: 0.3613879660391288, Pre: 0.636734693877551, MCC: 0.24758247166158437, roc_auc: 0.688411535189722, prc_auc: 0.6897076593418918, TN: 1730, FP: 979, FN: 1102, TP: 1716
Trial 101 finished with value: 0.6897076593418918 and parameters: {'C': 16, 'gamma': 0.00030000000000000003}. Best is trial 16 with value: 0.7092134530597741.
ACC_train: 0.6389743125904487, FPR_train: 0.354995499549955, Pre_train: 0.638397359493903, MCC_train: 0.2779113548452789, roc_auc_train: 0.6956946335426126, prc_auc_train: 0.6863513893040099, TN_train: 7166, FP_train: 3944, FN_train: 4039, TP_train: 6963
ACC: 0.6312647005608829, FPR: 0.3580657069029162, Pre: 0.6433823529411765, MCC: 0.2629235368497046, roc_auc: 0.6940327316274302, prc_auc: 0.6948067703245097, TN: 1739, FP: 970, FN: 1068, TP: 1750
Trial 102 finished with value: 0.6948067703245097 and parameters: {'C': 15, 'gamma': 0.0005}. Best is trial 16 with value: 0.7092134530597741.
ACC_train: 0.6379793777134588, FPR_train: 0.3556255625562556, Pre_train: 0.6374896779521056, MCC_train: 0.2759205095309841, roc_auc_train: 0.6947961143142127, prc_auc_train: 0.6856097189414558, TN_train: 7159, FP_train: 3951, FN_train: 4054, TP_train: 6948
ACC: 0.6301791206802967, FPR: 0.3569582871908453, Pre: 0.6429098966026587, MCC: 0.26085764472264117, roc_auc: 0.6932643232963434, prc_auc: 0.6941297711816004, TN: 1742, FP: 967, FN: 1077, TP: 1741
Trial 103 finished with value: 0.6941297711816004 and parameters: {'C': 18, 'gamma': 0.0004}. Best is trial 16 with value: 0.7092134530597741.
ACC_train: 0.6326429088277858, FPR_train: 0.3613861386138614, Pre_train: 0.6319552662938858, MCC_train: 0.2652474873681557, roc_auc_train: 0.6896836488775218, prc_auc_train: 0.6817241201249551, TN_train: 7095, FP_train: 4015, FN_train: 4108, TP_train: 6894
ACC: 0.623303781436584, FPR: 0.36175710594315247, Pre: 0.6364985163204748, MCC: 0.24721108758146018, roc_auc: 0.6894125881161053, prc_auc: 0.6907665071323508, TN: 1729, FP: 980, FN: 1102, TP: 1716
Trial 104 finished with value: 0.6907665071323508 and parameters: {'C': 13, 'gamma': 0.0004}. Best is trial 16 with value: 0.7092134530597741.
ACC_train: 0.6431349493487699, FPR_train: 0.3529252925292529, Pre_train: 0.642015886058614, MCC_train: 0.2862402322430027, roc_auc_train: 0.702219157109312, prc_auc_train: 0.6912783131393563, TN_train: 7189, FP_train: 3921, FN_train: 3970, TP_train: 7032
ACC: 0.6372353899041071, FPR: 0.3517903285345146, Pre: 0.6495034939315925, MCC: 0.27487744110826, roc_auc: 0.6989657533008417, prc_auc: 0.6984244479214615, TN: 1756, FP: 953, FN: 1052, TP: 1766
Trial 105 finished with value: 0.6984244479214615 and parameters: {'C': 19, 'gamma': 0.0006000000000000001}. Best is trial 16 with value: 0.7092134530597741.
ACC_train: 0.6000814037626628, FPR_train: 0.37857785778577857, Pre_train: 0.60211900482452, MCC_train: 0.20014360073148946, roc_auc_train: 0.6436240583702071, prc_auc_train: 0.6452469524354495, TN_train: 6904, FP_train: 4206, FN_train: 4637, TP_train: 6365
ACC: 0.6037633435860322, FPR: 0.3654485049833887, Pre: 0.620398773006135, MCC: 0.20900812355114876, roc_auc: 0.6505147654651674, prc_auc: 0.6618994246161294, TN: 1719, FP: 990, FN: 1200, TP: 1618
Trial 106 finished with value: 0.6618994246161294 and parameters: {'C': 4, 'gamma': 0.0001}. Best is trial 16 with value: 0.7092134530597741.
ACC_train: 0.6481548480463097, FPR_train: 0.3462646264626463, Pre_train: 0.6475815316965922, MCC_train: 0.29627513606091843, roc_auc_train: 0.7064874465995954, prc_auc_train: 0.6947268399958542, TN_train: 7263, FP_train: 3847, FN_train: 3933, TP_train: 7069
ACC: 0.6395874796453772, FPR: 0.35142118863049093, Pre: 0.6512820512820513, MCC: 0.2794889164850678, roc_auc: 0.7025053307836744, prc_auc: 0.7012670727621342, TN: 1757, FP: 952, FN: 1040, TP: 1778
Trial 107 finished with value: 0.7012670727621342 and parameters: {'C': 21, 'gamma': 0.0007000000000000001}. Best is trial 16 with value: 0.7092134530597741.
ACC_train: 0.6553002894356006, FPR_train: 0.3395139513951395, Pre_train: 0.6547052361772244, MCC_train: 0.3105681049389956, roc_auc_train: 0.7129354518800362, prc_auc_train: 0.700754772201559, TN_train: 7338, FP_train: 3772, FN_train: 3850, TP_train: 7152
ACC: 0.6453772390085037, FPR: 0.34514581026208935, Pre: 0.657258064516129, MCC: 0.2910884457264258, roc_auc: 0.7075383660542194, prc_auc: 0.7058444352354605, TN: 1774, FP: 935, FN: 1025, TP: 1793
Trial 108 finished with value: 0.7058444352354605 and parameters: {'C': 27, 'gamma': 0.0008}. Best is trial 16 with value: 0.7092134530597741.
ACC_train: 0.6386577424023154, FPR_train: 0.3546354635463546, Pre_train: 0.638266617701065, MCC_train: 0.27727684821957715, roc_auc_train: 0.6961015638920737, prc_auc_train: 0.6869772614695633, TN_train: 7170, FP_train: 3940, FN_train: 4050, TP_train: 6952
ACC: 0.6312647005608829, FPR: 0.357327427094869, Pre: 0.6435935198821797, MCC: 0.2629583597692135, roc_auc: 0.6943621804771887, prc_auc: 0.6952979495558553, TN: 1741, FP: 968, FN: 1070, TP: 1748
Trial 109 finished with value: 0.6952979495558553 and parameters: {'C': 9, 'gamma': 0.0008}. Best is trial 16 with value: 0.7092134530597741.
ACC_train: 0.6433158465991317, FPR_train: 0.3531953195319532, Pre_train: 0.642068776794673, MCC_train: 0.2866041667285218, roc_auc_train: 0.7024486628811946, prc_auc_train: 0.6915909476663409, TN_train: 7186, FP_train: 3924, FN_train: 3963, TP_train: 7039
ACC: 0.6361498100235209, FPR: 0.3536360280546327, Pre: 0.6481821520381932, MCC: 0.2726709514291975, roc_auc: 0.6990259448501316, prc_auc: 0.698589919839747, TN: 1751, FP: 958, FN: 1053, TP: 1765
Trial 110 finished with value: 0.698589919839747 and parameters: {'C': 16, 'gamma': 0.0007000000000000001}. Best is trial 16 with value: 0.7092134530597741.
ACC_train: 0.6389743125904487, FPR_train: 0.354995499549955, Pre_train: 0.638397359493903, MCC_train: 0.2779113548452789, roc_auc_train: 0.6956946335426126, prc_auc_train: 0.6863513893040099, TN_train: 7166, FP_train: 3944, FN_train: 4039, TP_train: 6963
ACC: 0.6312647005608829, FPR: 0.3580657069029162, Pre: 0.6433823529411765, MCC: 0.2629235368497046, roc_auc: 0.6940327316274302, prc_auc: 0.6948067703245097, TN: 1739, FP: 970, FN: 1068, TP: 1750
Trial 111 finished with value: 0.6948067703245097 and parameters: {'C': 15, 'gamma': 0.0005}. Best is trial 16 with value: 0.7092134530597741.
ACC_train: 0.6150506512301013, FPR_train: 0.36795679567956796, Pre_train: 0.6167260453778362, MCC_train: 0.23007494251330818, roc_auc_train: 0.6675330653407097, prc_auc_train: 0.6636215659355271, TN_train: 7022, FP_train: 4088, FN_train: 4424, TP_train: 6578
ACC: 0.6184186719739461, FPR: 0.3521594684385382, Pre: 0.6354604508979748, MCC: 0.23826413150500822, roc_auc: 0.6724317595502833, prc_auc: 0.6773544763077357, TN: 1755, FP: 954, FN: 1155, TP: 1663
Trial 112 finished with value: 0.6773544763077357 and parameters: {'C': 5, 'gamma': 0.00030000000000000003}. Best is trial 16 with value: 0.7092134530597741.
ACC_train: 0.6565665701881331, FPR_train: 0.3385238523852385, Pre_train: 0.6559011893870083, MCC_train: 0.313101545171931, roc_auc_train: 0.7155950820495611, prc_auc_train: 0.7032455504588331, TN_train: 7349, FP_train: 3761, FN_train: 3833, TP_train: 7169
ACC: 0.6466437488691876, FPR: 0.3433001107419712, Pre: 0.6587155963302752, MCC: 0.2936478510953946, roc_auc: 0.7096184785829429, prc_auc: 0.708021718114356, TN: 1779, FP: 930, FN: 1023, TP: 1795
Trial 113 finished with value: 0.708021718114356 and parameters: {'C': 23, 'gamma': 0.001}. Best is trial 16 with value: 0.7092134530597741.
ACC_train: 0.6386577424023154, FPR_train: 0.3546354635463546, Pre_train: 0.638266617701065, MCC_train: 0.27727684821957715, roc_auc_train: 0.6961015638920737, prc_auc_train: 0.6869772614695633, TN_train: 7170, FP_train: 3940, FN_train: 4050, TP_train: 6952
ACC: 0.6312647005608829, FPR: 0.357327427094869, Pre: 0.6435935198821797, MCC: 0.2629583597692135, roc_auc: 0.6943621804771887, prc_auc: 0.6952979495558553, TN: 1741, FP: 968, FN: 1070, TP: 1748
Trial 114 finished with value: 0.6952979495558553 and parameters: {'C': 9, 'gamma': 0.0008}. Best is trial 16 with value: 0.7092134530597741.
ACC_train: 0.6088549204052098, FPR_train: 0.3703870387038704, Pre_train: 0.611168855711991, MCC_train: 0.21770280102342643, roc_auc_train: 0.6582333815093925, prc_auc_train: 0.6558326151559475, TN_train: 6995, FP_train: 4115, FN_train: 4534, TP_train: 6468
ACC: 0.6162475122127736, FPR: 0.3477297895902547, Pre: 0.6350251840371949, MCC: 0.2343544842475779, roc_auc: 0.6635999105051872, prc_auc: 0.6704810600738818, TN: 1767, FP: 942, FN: 1179, TP: 1639
Trial 115 finished with value: 0.6704810600738818 and parameters: {'C': 1, 'gamma': 0.0009000000000000001}. Best is trial 16 with value: 0.7092134530597741.
ACC_train: 0.6435871924746743, FPR_train: 0.35301530153015304, Pre_train: 0.6423164614683082, MCC_train: 0.28714733546670224, roc_auc_train: 0.7028955826867909, prc_auc_train: 0.6920299172706397, TN_train: 7188, FP_train: 3922, FN_train: 3959, TP_train: 7043
ACC: 0.6357879500633254, FPR: 0.3536360280546327, Pre: 0.6479235575156193, MCC: 0.271964246460975, roc_auc: 0.6993141307226837, prc_auc: 0.6988357246371906, TN: 1751, FP: 958, FN: 1055, TP: 1763
Trial 116 finished with value: 0.6988357246371906 and parameters: {'C': 14, 'gamma': 0.0008}. Best is trial 16 with value: 0.7092134530597741.
ACC_train: 0.6431349493487699, FPR_train: 0.3529252925292529, Pre_train: 0.642015886058614, MCC_train: 0.2862402322430027, roc_auc_train: 0.702219157109312, prc_auc_train: 0.6912783131393563, TN_train: 7189, FP_train: 3921, FN_train: 3970, TP_train: 7032
ACC: 0.6372353899041071, FPR: 0.3517903285345146, Pre: 0.6495034939315925, MCC: 0.27487744110826, roc_auc: 0.6989657533008417, prc_auc: 0.6984244479214615, TN: 1756, FP: 953, FN: 1052, TP: 1766
Trial 117 finished with value: 0.6984244479214615 and parameters: {'C': 19, 'gamma': 0.0006000000000000001}. Best is trial 16 with value: 0.7092134530597741.
ACC_train: 0.6494663531114327, FPR_train: 0.34464446444644464, Pre_train: 0.6490054083784031, MCC_train: 0.2988977517928873, roc_auc_train: 0.7083632408868954, prc_auc_train: 0.6963284185797491, TN_train: 7281, FP_train: 3829, FN_train: 3922, TP_train: 7080
ACC: 0.6424823593269404, FPR: 0.3488372093023256, Pre: 0.654099560761347, MCC: 0.2852635227485669, roc_auc: 0.7040052072567299, prc_auc: 0.7025822527243757, TN: 1764, FP: 945, FN: 1031, TP: 1787
Trial 118 finished with value: 0.7025822527243757 and parameters: {'C': 24, 'gamma': 0.0007000000000000001}. Best is trial 16 with value: 0.7092134530597741.
ACC_train: 0.6259497105643994, FPR_train: 0.36255625562556254, Pre_train: 0.6265875590989154, MCC_train: 0.2518581466242329, roc_auc_train: 0.6817252766905486, prc_auc_train: 0.6749485783947562, TN_train: 7082, FP_train: 4028, FN_train: 4243, TP_train: 6759
ACC: 0.6211326216754116, FPR: 0.3588039867109635, Pre: 0.6356821589205397, MCC: 0.243139251130308, roc_auc: 0.6839218612825162, prc_auc: 0.6859387466906885, TN: 1737, FP: 972, FN: 1122, TP: 1696
Trial 119 finished with value: 0.6859387466906885 and parameters: {'C': 8, 'gamma': 0.0004}. Best is trial 16 with value: 0.7092134530597741.
ACC_train: 0.6565665701881331, FPR_train: 0.3385238523852385, Pre_train: 0.6559011893870083, MCC_train: 0.313101545171931, roc_auc_train: 0.7155950820495611, prc_auc_train: 0.7032455504588331, TN_train: 7349, FP_train: 3761, FN_train: 3833, TP_train: 7169
ACC: 0.6466437488691876, FPR: 0.3433001107419712, Pre: 0.6587155963302752, MCC: 0.2936478510953946, roc_auc: 0.7096184785829429, prc_auc: 0.708021718114356, TN: 1779, FP: 930, FN: 1023, TP: 1795
Trial 120 finished with value: 0.708021718114356 and parameters: {'C': 23, 'gamma': 0.001}. Best is trial 16 with value: 0.7092134530597741.
ACC_train: 0.6316931982633864, FPR_train: 0.3621962196219622, Pre_train: 0.6310287914909224, MCC_train: 0.26334751019099223, roc_auc_train: 0.6892859264112196, prc_auc_train: 0.6814080364759105, TN_train: 7086, FP_train: 4024, FN_train: 4120, TP_train: 6882
ACC: 0.6242084313370726, FPR: 0.36028054632705797, Pre: 0.6375789082807278, MCC: 0.24904945371326057, roc_auc: 0.6892183901360788, prc_auc: 0.6904451638831974, TN: 1733, FP: 976, FN: 1101, TP: 1717
Trial 121 finished with value: 0.6904451638831974 and parameters: {'C': 10, 'gamma': 0.0005}. Best is trial 16 with value: 0.7092134530597741.
ACC_train: 0.6240050651230101, FPR_train: 0.36210621062106213, Pre_train: 0.6252096143096703, MCC_train: 0.2479760295636266, roc_auc_train: 0.6794475589169533, prc_auc_train: 0.6729734328973328, TN_train: 7087, FP_train: 4023, FN_train: 4291, TP_train: 6711
ACC: 0.6198661118147277, FPR: 0.357327427094869, Pre: 0.6351300414624953, MCC: 0.240760125418944, roc_auc: 0.6822925631539691, prc_auc: 0.6847734951124533, TN: 1741, FP: 968, FN: 1133, TP: 1685
Trial 122 finished with value: 0.6847734951124533 and parameters: {'C': 29, 'gamma': 0.0001}. Best is trial 16 with value: 0.7092134530597741.
ACC_train: 0.6532199710564399, FPR_train: 0.34212421242124214, Pre_train: 0.6524323335771763, MCC_train: 0.3064086330077091, roc_auc_train: 0.7116441515993083, prc_auc_train: 0.6994242248399538, TN_train: 7309, FP_train: 3801, FN_train: 3867, TP_train: 7135
ACC: 0.6437488691876244, FPR: 0.34551495016611294, Pre: 0.6560088202866593, MCC: 0.2878910654502054, roc_auc: 0.7066010415037434, prc_auc: 0.7048790444489907, TN: 1773, FP: 936, FN: 1033, TP: 1785
Trial 123 finished with value: 0.7048790444489907 and parameters: {'C': 30, 'gamma': 0.0007000000000000001}. Best is trial 16 with value: 0.7092134530597741.
ACC_train: 0.6402405933429812, FPR_train: 0.3561656165616562, Pre_train: 0.6389927926284098, MCC_train: 0.2804529170307044, roc_auc_train: 0.6993061935715477, prc_auc_train: 0.6888273532960816, TN_train: 7153, FP_train: 3957, FN_train: 3998, TP_train: 7004
ACC: 0.6347023701827392, FPR: 0.3547434477667036, Pre: 0.6468210216832047, MCC: 0.2697924075078981, roc_auc: 0.6965041874717217, prc_auc: 0.6961278975697501, TN: 1748, FP: 961, FN: 1058, TP: 1760
Trial 124 finished with value: 0.6961278975697501 and parameters: {'C': 25, 'gamma': 0.0004}. Best is trial 16 with value: 0.7092134530597741.
ACC_train: 0.6604106367583212, FPR_train: 0.33555355535553555, Pre_train: 0.65951228422687, MCC_train: 0.3207928538530863, roc_auc_train: 0.7199765372828866, prc_auc_train: 0.7070240100430649, TN_train: 7382, FP_train: 3728, FN_train: 3781, TP_train: 7221
ACC: 0.6486339786502624, FPR: 0.3399778516057586, Pre: 0.6611479028697572, MCC: 0.2976909032349933, roc_auc: 0.7132144488012908, prc_auc: 0.7110335540352557, TN: 1788, FP: 921, FN: 1021, TP: 1797
Trial 125 finished with value: 0.7110335540352557 and parameters: {'C': 30, 'gamma': 0.001}. Best is trial 125 with value: 0.7110335540352557.
ACC_train: 0.6556168596237337, FPR_train: 0.338973897389739, Pre_train: 0.6550966205696492, MCC_train: 0.31120080133649036, roc_auc_train: 0.7140357714193525, prc_auc_train: 0.7018870820640987, TN_train: 7344, FP_train: 3766, FN_train: 3849, TP_train: 7153
ACC: 0.6461009589288945, FPR: 0.34551495016611294, Pre: 0.6576444769568398, MCC: 0.2924859870708219, roc_auc: 0.7083611367203557, prc_auc: 0.7068026740686381, TN: 1773, FP: 936, FN: 1020, TP: 1798
Trial 126 finished with value: 0.7068026740686381 and parameters: {'C': 21, 'gamma': 0.001}. Best is trial 125 with value: 0.7110335540352557.
ACC_train: 0.6297485528219972, FPR_train: 0.3632763276327633, Pre_train: 0.6292826306604207, MCC_train: 0.25945585417009936, roc_auc_train: 0.6867393515392259, prc_auc_train: 0.6793013658803284, TN_train: 7074, FP_train: 4036, FN_train: 4151, TP_train: 6851
ACC: 0.6231228514564864, FPR: 0.36028054632705797, Pre: 0.6367696315593598, MCC: 0.2469342742181912, roc_auc: 0.6877099990804251, prc_auc: 0.6892404780716931, TN: 1733, FP: 976, FN: 1107, TP: 1711
Trial 127 finished with value: 0.6892404780716931 and parameters: {'C': 7, 'gamma': 0.0006000000000000001}. Best is trial 125 with value: 0.7110335540352557.
ACC_train: 0.6560238784370478, FPR_train: 0.33960396039603963, Pre_train: 0.6551818680314385, MCC_train: 0.31201770369260096, roc_auc_train: 0.7150903706076843, prc_auc_train: 0.7026875369751417, TN_train: 7337, FP_train: 3773, FN_train: 3833, TP_train: 7169
ACC: 0.6453772390085037, FPR: 0.3429309708379476, Pre: 0.6579528718703976, MCC: 0.29119309822272565, roc_auc: 0.7092615865785027, prc_auc: 0.7074807490110945, TN: 1780, FP: 929, FN: 1031, TP: 1787
Trial 128 finished with value: 0.7074807490110945 and parameters: {'C': 26, 'gamma': 0.0009000000000000001}. Best is trial 125 with value: 0.7110335540352557.
ACC_train: 0.6218342981186686, FPR_train: 0.36345634563456347, Pre_train: 0.6231802911534154, MCC_train: 0.24363653163294244, roc_auc_train: 0.6763389391111443, prc_auc_train: 0.6706790622495276, TN_train: 7072, FP_train: 4038, FN_train: 4324, TP_train: 6678
ACC: 0.6193233218744346, FPR: 0.3536360280546327, Pre: 0.6357414448669202, MCC: 0.23992607750378256, roc_auc: 0.6797291498176177, prc_auc: 0.6829568263739512, TN: 1751, FP: 958, FN: 1146, TP: 1672
Trial 129 finished with value: 0.6829568263739512 and parameters: {'C': 6, 'gamma': 0.0004}. Best is trial 125 with value: 0.7110335540352557.
ACC_train: 0.6387934153400868, FPR_train: 0.35625562556255624, Pre_train: 0.6379105296862135, MCC_train: 0.2775526596360852, roc_auc_train: 0.695443210472656, prc_auc_train: 0.6857726871250063, TN_train: 7152, FP_train: 3958, FN_train: 4029, TP_train: 6973
ACC: 0.6307219106205898, FPR: 0.3588039867109635, Pre: 0.6427783902976847, MCC: 0.26182899801328297, roc_auc: 0.6938150203000748, prc_auc: 0.693966563009439, TN: 1737, FP: 972, FN: 1069, TP: 1749
Trial 130 finished with value: 0.693966563009439 and parameters: {'C': 26, 'gamma': 0.00030000000000000003}. Best is trial 125 with value: 0.7110335540352557.
ACC_train: 0.609081041968162, FPR_train: 0.37074707470747076, Pre_train: 0.611268403171008, MCC_train: 0.21815036959583423, roc_auc_train: 0.6579204648332493, prc_auc_train: 0.6553561864630952, TN_train: 6991, FP_train: 4119, FN_train: 4525, TP_train: 6477
ACC: 0.6140763524516012, FPR: 0.35105204872646734, Pre: 0.6323927328952454, MCC: 0.2299263328313283, roc_auc: 0.6632542184517031, prc_auc: 0.6700410352347435, TN: 1758, FP: 951, FN: 1182, TP: 1636
Trial 131 finished with value: 0.6700410352347435 and parameters: {'C': 9, 'gamma': 0.0001}. Best is trial 125 with value: 0.7110335540352557.
ACC_train: 0.6225578871201157, FPR_train: 0.3621962196219622, Pre_train: 0.6240657698056801, MCC_train: 0.24508744085900003, roc_auc_train: 0.6774843776869961, prc_auc_train: 0.6714806066948292, TN_train: 7086, FP_train: 4024, FN_train: 4322, TP_train: 6680
ACC: 0.61968518183463, FPR: 0.3536360280546327, Pre: 0.6360182370820668, MCC: 0.24062812297705283, roc_auc: 0.6807239150522364, prc_auc: 0.6836133776624472, TN: 1751, FP: 958, FN: 1144, TP: 1674
Trial 132 finished with value: 0.6836133776624472 and parameters: {'C': 26, 'gamma': 0.0001}. Best is trial 125 with value: 0.7110335540352557.
ACC_train: 0.6359895079594791, FPR_train: 0.3574257425742574, Pre_train: 0.6355208811381368, MCC_train: 0.27193996915614155, roc_auc_train: 0.6936335934993245, prc_auc_train: 0.6850066660211647, TN_train: 7139, FP_train: 3971, FN_train: 4078, TP_train: 6924
ACC: 0.6272842409987335, FPR: 0.3584348468069398, Pre: 0.6403703703703704, MCC: 0.25513861390927756, roc_auc: 0.6925056084900605, prc_auc: 0.6937133609117682, TN: 1738, FP: 971, FN: 1089, TP: 1729
Trial 133 finished with value: 0.6937133609117682 and parameters: {'C': 9, 'gamma': 0.0007000000000000001}. Best is trial 125 with value: 0.7110335540352557.
ACC_train: 0.6392908827785818, FPR_train: 0.3558955895589559, Pre_train: 0.638375708798244, MCC_train: 0.2785481509943799, roc_auc_train: 0.6976353902432599, prc_auc_train: 0.687789942762771, TN_train: 7156, FP_train: 3954, FN_train: 4022, TP_train: 6980
ACC: 0.6314456305409807, FPR: 0.3547434477667036, Pre: 0.6444691083980763, MCC: 0.26343737209422297, roc_auc: 0.6954889217420783, prc_auc: 0.6957783755077495, TN: 1748, FP: 961, FN: 1076, TP: 1742
Trial 134 finished with value: 0.6957783755077495 and parameters: {'C': 14, 'gamma': 0.0006000000000000001}. Best is trial 125 with value: 0.7110335540352557.
ACC_train: 0.6150506512301013, FPR_train: 0.3684968496849685, Pre_train: 0.6165948679528002, MCC_train: 0.23007156329428158, roc_auc_train: 0.6686837439424728, prc_auc_train: 0.6645546745635116, TN_train: 7016, FP_train: 4094, FN_train: 4418, TP_train: 6584
ACC: 0.6193233218744346, FPR: 0.35142118863049093, Pre: 0.6363636363636364, MCC: 0.24006458131492595, roc_auc: 0.6733738653663721, prc_auc: 0.6780005412679893, TN: 1757, FP: 952, FN: 1152, TP: 1666
Trial 135 finished with value: 0.6780005412679893 and parameters: {'C': 8, 'gamma': 0.0002}. Best is trial 125 with value: 0.7110335540352557.
ACC_train: 0.640918958031838, FPR_train: 0.35634563456345636, Pre_train: 0.6394353369763206, MCC_train: 0.28181436119620396, roc_auc_train: 0.7005249720572858, prc_auc_train: 0.690001493866727, TN_train: 7151, FP_train: 3959, FN_train: 3981, TP_train: 7021
ACC: 0.6361498100235209, FPR: 0.35289774824658543, Pre: 0.6484001471129092, MCC: 0.2727055774072984, roc_auc: 0.697455855819036, prc_auc: 0.6971064643256271, TN: 1753, FP: 956, FN: 1055, TP: 1763
Trial 136 finished with value: 0.6971064643256271 and parameters: {'C': 17, 'gamma': 0.0006000000000000001}. Best is trial 125 with value: 0.7110335540352557.
ACC_train: 0.6292058610709117, FPR_train: 0.3639063906390639, Pre_train: 0.6287078703278538, MCC_train: 0.2583705041772033, roc_auc_train: 0.6860685218676386, prc_auc_train: 0.6785951023441932, TN_train: 7067, FP_train: 4043, FN_train: 4156, TP_train: 6846
ACC: 0.6231228514564864, FPR: 0.3588039867109635, Pre: 0.6371780515117581, MCC: 0.2470122448711941, roc_auc: 0.6871938188846107, prc_auc: 0.6886856369479732, TN: 1737, FP: 972, FN: 1111, TP: 1707
Trial 137 finished with value: 0.6886856369479732 and parameters: {'C': 14, 'gamma': 0.00030000000000000003}. Best is trial 125 with value: 0.7110335540352557.
ACC_train: 0.6525868306801736, FPR_train: 0.3415841584158416, Pre_train: 0.652153987167736, MCC_train: 0.30513940913630855, roc_auc_train: 0.7110664029500569, prc_auc_train: 0.6989365934310059, TN_train: 7315, FP_train: 3795, FN_train: 3887, TP_train: 7115
ACC: 0.6430251492672335, FPR: 0.34662236987818384, Pre: 0.6551597502754315, MCC: 0.28642578194002205, roc_auc: 0.7059948687195456, prc_auc: 0.7044050740611807, TN: 1770, FP: 939, FN: 1034, TP: 1784
Trial 138 finished with value: 0.7044050740611807 and parameters: {'C': 24, 'gamma': 0.0008}. Best is trial 125 with value: 0.7110335540352557.
ACC_train: 0.6559334298118669, FPR_train: 0.33861386138613864, Pre_train: 0.655431397691885, MCC_train: 0.31183390689933665, roc_auc_train: 0.71374610147799, prc_auc_train: 0.7015346453243412, TN_train: 7348, FP_train: 3762, FN_train: 3846, TP_train: 7156
ACC: 0.6455581689886014, FPR: 0.3447766703580657, Pre: 0.6574990832416575, MCC: 0.2914589184422188, roc_auc: 0.7081288851057943, prc_auc: 0.7064338697192876, TN: 1775, FP: 934, FN: 1025, TP: 1793
Trial 139 finished with value: 0.7064338697192876 and parameters: {'C': 24, 'gamma': 0.0009000000000000001}. Best is trial 125 with value: 0.7110335540352557.
ACC_train: 0.6276682344428365, FPR_train: 0.3624662466246625, Pre_train: 0.6279220179247899, MCC_train: 0.25529327930055035, roc_auc_train: 0.6833800040611223, prc_auc_train: 0.6763267294247735, TN_train: 7083, FP_train: 4027, FN_train: 4206, TP_train: 6796
ACC: 0.6213135516555093, FPR: 0.3595422665190107, Pre: 0.6356154133931912, MCC: 0.24345084706586487, roc_auc: 0.6852194181736821, prc_auc: 0.6870467413125801, TN: 1735, FP: 974, FN: 1119, TP: 1699
Trial 140 finished with value: 0.6870467413125801 and parameters: {'C': 7, 'gamma': 0.0005}. Best is trial 125 with value: 0.7110335540352557.
ACC_train: 0.6287988422575976, FPR_train: 0.3631863186318632, Pre_train: 0.6285898379970545, MCC_train: 0.25755477596949417, roc_auc_train: 0.6847995274895604, prc_auc_train: 0.6775441673214727, TN_train: 7075, FP_train: 4035, FN_train: 4173, TP_train: 6829
ACC: 0.6211326216754116, FPR: 0.3610188261351052, Pre: 0.6350746268656716, MCC: 0.24301933195784653, roc_auc: 0.6862931070393068, prc_auc: 0.6880418818473152, TN: 1731, FP: 978, FN: 1116, TP: 1702
Trial 141 finished with value: 0.6880418818473152 and parameters: {'C': 13, 'gamma': 0.00030000000000000003}. Best is trial 125 with value: 0.7110335540352557.
ACC_train: 0.6592348046309696, FPR_train: 0.3369036903690369, Pre_train: 0.6582671414224414, MCC_train: 0.318441724329036, roc_auc_train: 0.7187654163525787, prc_auc_train: 0.7058332787706283, TN_train: 7367, FP_train: 3743, FN_train: 3792, TP_train: 7210
ACC: 0.6470056088293831, FPR: 0.34256183093392395, Pre: 0.65919941241278, MCC: 0.2943891048673415, roc_auc: 0.7122675617195895, prc_auc: 0.7102386778365597, TN: 1781, FP: 928, FN: 1023, TP: 1795
Trial 142 finished with value: 0.7102386778365597 and parameters: {'C': 28, 'gamma': 0.001}. Best is trial 125 with value: 0.7110335540352557.
ACC_train: 0.6379793777134588, FPR_train: 0.3556255625562556, Pre_train: 0.6374896779521056, MCC_train: 0.2759205095309841, roc_auc_train: 0.6947961143142127, prc_auc_train: 0.6856097189414558, TN_train: 7159, FP_train: 3951, FN_train: 4054, TP_train: 6948
ACC: 0.6301791206802967, FPR: 0.3569582871908453, Pre: 0.6429098966026587, MCC: 0.26085764472264117, roc_auc: 0.6932643232963434, prc_auc: 0.6941297711816004, TN: 1742, FP: 967, FN: 1077, TP: 1741
Trial 143 finished with value: 0.6941297711816004 and parameters: {'C': 18, 'gamma': 0.0004}. Best is trial 125 with value: 0.7110335540352557.
ACC_train: 0.6462554269175108, FPR_train: 0.34770477047704773, Pre_train: 0.6457913075371355, MCC_train: 0.292474995789832, roc_auc_train: 0.7049479220781558, prc_auc_train: 0.6932333273354614, TN_train: 7247, FP_train: 3863, FN_train: 3959, TP_train: 7043
ACC: 0.638501899764791, FPR: 0.3521594684385382, Pre: 0.6502932551319648, MCC: 0.277333957484142, roc_auc: 0.7011861599520668, prc_auc: 0.6999274270021957, TN: 1755, FP: 954, FN: 1044, TP: 1774
Trial 144 finished with value: 0.6999274270021957 and parameters: {'C': 23, 'gamma': 0.0006000000000000001}. Best is trial 125 with value: 0.7110335540352557.
ACC_train: 0.6188947178002895, FPR_train: 0.36588658865886586, Pre_train: 0.6202709014479215, MCC_train: 0.23775705639129505, roc_auc_train: 0.6737037296712765, prc_auc_train: 0.6686619137406107, TN_train: 7045, FP_train: 4065, FN_train: 4362, TP_train: 6640
ACC: 0.6195042518545323, FPR: 0.3532668881506091, Pre: 0.6359832635983264, MCC: 0.24029980329187325, roc_auc: 0.677563694972545, prc_auc: 0.6811338490196073, TN: 1752, FP: 957, FN: 1146, TP: 1672
Trial 145 finished with value: 0.6811338490196073 and parameters: {'C': 7, 'gamma': 0.00030000000000000003}. Best is trial 125 with value: 0.7110335540352557.
ACC_train: 0.642230463096961, FPR_train: 0.3546354635463546, Pre_train: 0.6408713882052685, MCC_train: 0.2844351744653277, roc_auc_train: 0.7012282481656638, prc_auc_train: 0.6902989356835488, TN_train: 7170, FP_train: 3940, FN_train: 3971, TP_train: 7031
ACC: 0.6370544599240094, FPR: 0.35252860834256183, Pre: 0.6491550330639236, MCC: 0.2744894100347678, roc_auc: 0.698049649710072, prc_auc: 0.6974677990246478, TN: 1754, FP: 955, FN: 1051, TP: 1767
Trial 146 finished with value: 0.6974677990246478 and parameters: {'C': 22, 'gamma': 0.0005}. Best is trial 125 with value: 0.7110335540352557.
ACC_train: 0.6274421128798843, FPR_train: 0.3629162916291629, Pre_train: 0.6276320650166236, MCC_train: 0.2548407358567571, roc_auc_train: 0.6832992806642961, prc_auc_train: 0.6762155719985621, TN_train: 7078, FP_train: 4032, FN_train: 4206, TP_train: 6796
ACC: 0.6213135516555093, FPR: 0.3595422665190107, Pre: 0.6356154133931912, MCC: 0.24345084706586487, roc_auc: 0.6852451584118442, prc_auc: 0.6869574520266657, TN: 1735, FP: 974, FN: 1119, TP: 1699
Trial 147 finished with value: 0.6869574520266657 and parameters: {'C': 18, 'gamma': 0.0002}. Best is trial 125 with value: 0.7110335540352557.
ACC_train: 0.6544862518089725, FPR_train: 0.3412241224122412, Pre_train: 0.6536001461988304, MCC_train: 0.30894256259752506, roc_auc_train: 0.7130043330637372, prc_auc_train: 0.7008758966718573, TN_train: 7319, FP_train: 3791, FN_train: 3849, TP_train: 7153
ACC: 0.6430251492672335, FPR: 0.3477297895902547, Pre: 0.6548186148772445, MCC: 0.2863745118903916, roc_auc: 0.7074804668925521, prc_auc: 0.7058926292561161, TN: 1767, FP: 942, FN: 1031, TP: 1787
Trial 148 finished with value: 0.7058926292561161 and parameters: {'C': 23, 'gamma': 0.0009000000000000001}. Best is trial 125 with value: 0.7110335540352557.
ACC_train: 0.6361251808972503, FPR_train: 0.3568856885688569, Pre_train: 0.6357707146794047, MCC_train: 0.2722106883866884, roc_auc_train: 0.6942303305953209, prc_auc_train: 0.6856299844551721, TN_train: 7145, FP_train: 3965, FN_train: 4081, TP_train: 6921
ACC: 0.6285507508594174, FPR: 0.3558508674787745, Pre: 0.6420349053100631, MCC: 0.2577386101074869, roc_auc: 0.6929614661430067, prc_auc: 0.6942707688834544, TN: 1745, FP: 964, FN: 1089, TP: 1729
Trial 149 finished with value: 0.6942707688834544 and parameters: {'C': 7, 'gamma': 0.0009000000000000001}. Best is trial 125 with value: 0.7110335540352557.
